#
# There is insufficient memory for the Java Runtime Environment to continue.
# Native memory allocation (malloc) failed to allocate 32744 bytes for ChunkPool::allocate
# Possible reasons:
#   The system is out of physical RAM or swap space
#   The process is running with CompressedOops enabled, and the Java Heap may be blocking the growth of the native heap
# Possible solutions:
#   Reduce memory load on the system
#   Increase physical memory or swap space
#   Check if swap backing store is full
#   Decrease Java heap size (-Xmx/-Xms)
#   Decrease number of Java threads
#   Decrease Java thread stack sizes (-Xss)
#   Set larger code cache with -XX:ReservedCodeCacheSize=
#   JVM is running with Unscaled Compressed Oops mode in which the Java heap is
#     placed in the first 4GB address space. The Java Heap base address is the
#     maximum limit for the native heap growth. Please use -XX:HeapBaseMinAddress
#     to set the Java Heap base and to place the Java Heap above 4GB virtual address.
# This output file may be truncated or incomplete.
#
#  Out of Memory Error (t:/workspace/open/src/hotspot/share/memory/arena.cpp:81), pid=12592, tid=1028
#
# JRE version: Java(TM) SE Runtime Environment (12.0.2+10) (build 12.0.2+10)
# Java VM: Java HotSpot(TM) 64-Bit Server VM (12.0.2+10, mixed mode, sharing, tiered, compressed oops, g1 gc, windows-amd64)
# No core dump will be written. Minidumps are not enabled by default on client versions of Windows
#

---------------  S U M M A R Y ------------

Command Line: -Dmaven.multiModuleProjectDirectory=D:\IdeaProjects\theraven_technical_task -Dmaven.home=D:\JetBrains\IntelliJ IDEA 2019.2.3\plugins\maven\lib\maven3 -Dclassworlds.conf=D:\JetBrains\IntelliJ IDEA 2019.2.3\plugins\maven\lib\maven3\bin\m2.conf -Dmaven.ext.class.path=D:\JetBrains\IntelliJ IDEA 2019.2.3\plugins\maven\lib\maven-event-listener.jar -javaagent:D:\JetBrains\IntelliJ IDEA 2019.2.3\lib\idea_rt.jar=59794:D:\JetBrains\IntelliJ IDEA 2019.2.3\bin -Dfile.encoding=UTF-8 org.codehaus.classworlds.Launcher -Didea.version2019.3 clean install

Host: Intel(R) Core(TM)2 Duo CPU     E4500  @ 2.20GHz, 2 cores, 3G,  Windows 10 , 64 bit Build 19041 (10.0.19041.928)
Time: Thu May 20 14:22:25 2021 Финляндия (лето) elapsed time: 138 seconds (0d 0h 2m 18s)

---------------  T H R E A D  ---------------

Current thread (0x00000203ed485000):  JavaThread "C2 CompilerThread0" daemon [_thread_in_native, id=1028, stack(0x0000006e80900000,0x0000006e80a00000)]


Current CompileTask:
C2: 138689 7253       4      
[error occurred during error reporting (printing current compile task), id 0xe0000001, Out of Memory Error (t:/workspace/open/src/hotspot/share/memory/arena.cpp:81)]

Stack: [0x0000006e80900000,0x0000006e80a00000]
Native frames: (J=compiled Java code, j=interpreted, Vv=VM code, C=native code)
V  [jvm.dll+0x63aa2a]
V  [jvm.dll+0x78ce1e]
V  [jvm.dll+0x78e4c1]
V  [jvm.dll+0x78eb13]
V  [jvm.dll+0x2627e8]
V  [jvm.dll+0xc57f6]
V  [jvm.dll+0xc5b4c]
V  [jvm.dll+0x70a79f]
V  [jvm.dll+0x70a909]
V  [jvm.dll+0x519072]
V  [jvm.dll+0x5f16d9]
V  [jvm.dll+0x22e93f]
V  [jvm.dll+0x22ee7f]
V  [jvm.dll+0x78ccbc]
V  [jvm.dll+0x78e4c1]
V  [jvm.dll+0x78eb13]
V  [jvm.dll+0x2627e8]
V  [jvm.dll+0xc57f6]
V  [jvm.dll+0xc5b4c]
V  [jvm.dll+0x560b2c]
V  [jvm.dll+0x54cb3b]
V  [jvm.dll+0x54d398]
V  [jvm.dll+0x54f5ec]
V  [jvm.dll+0x54f150]
V  [jvm.dll+0x54f051]
V  [jvm.dll+0x54f196]
V  [jvm.dll+0x54f196]
V  [jvm.dll+0x54f196]
V  [jvm.dll+0x557182]
V  [jvm.dll+0x21de8e]
V  [jvm.dll+0x21b2b6]
V  [jvm.dll+0x199a20]
V  [jvm.dll+0x22a744]
V  [jvm.dll+0x228d98]
V  [jvm.dll+0x7512a0]
V  [jvm.dll+0x74a2c8]
V  [jvm.dll+0x639b16]
C  [ucrtbase.dll+0x21bb2]
C  [KERNEL32.DLL+0x17034]
C  [ntdll.dll+0x52651]


---------------  P R O C E S S  ---------------

Threads class SMR info:
_java_thread_list=0x00000203f1a05d70, length=22, elements={
0x00000203cf317800, 0x00000203ed463800, 0x00000203ed465000, 0x00000203ed480000,
0x00000203ed484000, 0x00000203ed485000, 0x00000203ed488800, 0x00000203ed4f9000,
0x00000203ed45d000, 0x00000203ed7e7000, 0x00000203ed7ea000, 0x00000203ef70c000,
0x00000203ee002000, 0x00000203f2088800, 0x00000203f1f7d800, 0x00000203ef37a000,
0x00000203eeaa0800, 0x00000203eeaa1000, 0x00000203efb1a000, 0x00000203efb19000,
0x00000203efb1b000, 0x00000203efb1b800
}

Java Threads: ( => current thread )
  0x00000203cf317800 JavaThread "main" [_thread_in_native, id=6356, stack(0x0000006effe00000,0x0000006efff00000)]
  0x00000203ed463800 JavaThread "Reference Handler" daemon [_thread_blocked, id=13060, stack(0x0000006e80500000,0x0000006e80600000)]
  0x00000203ed465000 JavaThread "Finalizer" daemon [_thread_blocked, id=4084, stack(0x0000006e80600000,0x0000006e80700000)]
  0x00000203ed480000 JavaThread "Signal Dispatcher" daemon [_thread_blocked, id=9960, stack(0x0000006e80700000,0x0000006e80800000)]
  0x00000203ed484000 JavaThread "Attach Listener" daemon [_thread_blocked, id=13572, stack(0x0000006e80800000,0x0000006e80900000)]
=>0x00000203ed485000 JavaThread "C2 CompilerThread0" daemon [_thread_in_native, id=1028, stack(0x0000006e80900000,0x0000006e80a00000)]
  0x00000203ed488800 JavaThread "C1 CompilerThread0" daemon [_thread_blocked, id=8408, stack(0x0000006e80a00000,0x0000006e80b00000)]
  0x00000203ed4f9000 JavaThread "Sweeper thread" daemon [_thread_blocked, id=8620, stack(0x0000006e80b00000,0x0000006e80c00000)]
  0x00000203ed45d000 JavaThread "Common-Cleaner" daemon [_thread_blocked, id=1032, stack(0x0000006e80c00000,0x0000006e80d00000)]
  0x00000203ed7e7000 JavaThread "Monitor Ctrl-Break" daemon [_thread_in_native, id=13804, stack(0x0000006e80d00000,0x0000006e80e00000)]
  0x00000203ed7ea000 JavaThread "Service Thread" daemon [_thread_blocked, id=3080, stack(0x0000006e80e00000,0x0000006e80f00000)]
  0x00000203ef70c000 JavaThread "resolver-1" daemon [_thread_blocked, id=14276, stack(0x0000006e81300000,0x0000006e81400000)]
  0x00000203ee002000 JavaThread "resolver-2" daemon [_thread_blocked, id=12816, stack(0x0000006e81400000,0x0000006e81500000)]
  0x00000203f2088800 JavaThread "resolver-3" daemon [_thread_blocked, id=11836, stack(0x0000006e81500000,0x0000006e81600000)]
  0x00000203f1f7d800 JavaThread "resolver-4" daemon [_thread_blocked, id=12832, stack(0x0000006e81600000,0x0000006e81700000)]
  0x00000203ef37a000 JavaThread "resolver-5" daemon [_thread_blocked, id=6532, stack(0x0000006e81700000,0x0000006e81800000)]
  0x00000203eeaa0800 JavaThread "timeout-check-timer" daemon [_thread_blocked, id=8504, stack(0x0000006e81800000,0x0000006e81900000)]
  0x00000203eeaa1000 JavaThread "ping-timer-10s" daemon [_thread_blocked, id=5648, stack(0x0000006e81900000,0x0000006e81a00000)]
  0x00000203efb1a000 JavaThread "ThreadedStreamConsumer" daemon [_thread_in_native, id=6808, stack(0x0000006e81a00000,0x0000006e81b00000)]
  0x00000203efb19000 JavaThread "Thread-2" [_thread_blocked, id=12784, stack(0x0000006e81b00000,0x0000006e81c00000)]
  0x00000203efb1b000 JavaThread "Thread-3" [_thread_in_native, id=3688, stack(0x0000006e81c00000,0x0000006e81d00000)]
  0x00000203efb1b800 JavaThread "Thread-4" [_thread_in_native, id=3880, stack(0x0000006e81d00000,0x0000006e81e00000)]

Other Threads:
  0x00000203ed45f800 VMThread "VM Thread" [stack: 0x0000006e80400000,0x0000006e80500000] [id=9156]
  0x00000203ed7eb000 WatcherThread [stack: 0x0000006e80f00000,0x0000006e81000000] [id=804]
  0x00000203cf342000 GCTaskThread "GC Thread#0" [stack: 0x0000006efff00000,0x0000006f00000000] [id=3396]
  0x00000203ed756800 GCTaskThread "GC Thread#1" [stack: 0x0000006e81000000,0x0000006e81100000] [id=10144]
  0x00000203cf34d000 ConcurrentGCThread "G1 Main Marker" [stack: 0x0000006e80000000,0x0000006e80100000] [id=2180]
  0x00000203cf34e000 ConcurrentGCThread "G1 Conc#0" [stack: 0x0000006e80100000,0x0000006e80200000] [id=2676]
  0x00000203cf39b000 ConcurrentGCThread "G1 Refine#0" [stack: 0x0000006e80200000,0x0000006e80300000] [id=6080]
  0x00000203cf39c800 ConcurrentGCThread "G1 Young RemSet Sampling" [stack: 0x0000006e80300000,0x0000006e80400000] [id=5128]

Threads with active compile tasks:
C2 CompilerThread0  7253       4       org.codehaus.plexus.classworlds.realm.Entry::matches (282 bytes)

VM state:not at safepoint (normal execution)

VM Mutex/Monitor currently owned by a thread: None

Heap address: 0x00000000c0000000, size: 1024 MB, Compressed Oops mode: 32-bit
Narrow klass base: 0x0000000800000000, Narrow klass shift: 3
Compressed class space size: 1073741824 Address: 0x0000000801190000

Heap:
 garbage-first heap   total 89088K, used 59316K [0x00000000c0000000, 0x0000000100000000)
  region size 1024K, 17 young (17408K), 3 survivors (3072K)
 Metaspace       used 30125K, capacity 31139K, committed 31232K, reserved 1077248K
  class space    used 3240K, capacity 3572K, committed 3584K, reserved 1048576K
Heap Regions: E=young(eden), S=young(survivor), O=old, HS=humongous(starts), HC=humongous(continues), CS=collection set, F=free, A=archive, TAMS=top-at-mark-start (previous, next)
|   0|0x00000000c0000000, 0x00000000c0100000, 0x00000000c0100000|100%| O|  |TAMS 0x00000000c0100000, 0x00000000c0000000| Untracked 
|   1|0x00000000c0100000, 0x00000000c0200000, 0x00000000c0200000|100%| O|  |TAMS 0x00000000c0200000, 0x00000000c0100000| Untracked 
|   2|0x00000000c0200000, 0x00000000c0300000, 0x00000000c0300000|100%| O|  |TAMS 0x00000000c0300000, 0x00000000c0200000| Untracked 
|   3|0x00000000c0300000, 0x00000000c0400000, 0x00000000c0400000|100%| O|  |TAMS 0x00000000c0400000, 0x00000000c0300000| Untracked 
|   4|0x00000000c0400000, 0x00000000c0500000, 0x00000000c0500000|100%| O|  |TAMS 0x00000000c0500000, 0x00000000c0400000| Untracked 
|   5|0x00000000c0500000, 0x00000000c0600000, 0x00000000c0600000|100%| O|  |TAMS 0x00000000c0600000, 0x00000000c0500000| Untracked 
|   6|0x00000000c0600000, 0x00000000c0700000, 0x00000000c0700000|100%| O|  |TAMS 0x00000000c0700000, 0x00000000c0600000| Untracked 
|   7|0x00000000c0700000, 0x00000000c0800000, 0x00000000c0800000|100%| O|  |TAMS 0x00000000c0800000, 0x00000000c0700000| Untracked 
|   8|0x00000000c0800000, 0x00000000c0900000, 0x00000000c0900000|100%| O|  |TAMS 0x00000000c0900000, 0x00000000c0800000| Untracked 
|   9|0x00000000c0900000, 0x00000000c0a00000, 0x00000000c0a00000|100%| O|  |TAMS 0x00000000c0a00000, 0x00000000c0900000| Untracked 
|  10|0x00000000c0a00000, 0x00000000c0b00000, 0x00000000c0b00000|100%| O|  |TAMS 0x00000000c0b00000, 0x00000000c0a00000| Untracked 
|  11|0x00000000c0b00000, 0x00000000c0c00000, 0x00000000c0c00000|100%| O|  |TAMS 0x00000000c0c00000, 0x00000000c0b00000| Untracked 
|  12|0x00000000c0c00000, 0x00000000c0d00000, 0x00000000c0d00000|100%| O|  |TAMS 0x00000000c0d00000, 0x00000000c0c00000| Untracked 
|  13|0x00000000c0d00000, 0x00000000c0e00000, 0x00000000c0e00000|100%| O|  |TAMS 0x00000000c0e00000, 0x00000000c0d00000| Untracked 
|  14|0x00000000c0e00000, 0x00000000c0f00000, 0x00000000c0f00000|100%| O|  |TAMS 0x00000000c0f00000, 0x00000000c0e00000| Untracked 
|  15|0x00000000c0f00000, 0x00000000c1000000, 0x00000000c1000000|100%| O|  |TAMS 0x00000000c1000000, 0x00000000c0f00000| Untracked 
|  16|0x00000000c1000000, 0x00000000c1100000, 0x00000000c1100000|100%| O|  |TAMS 0x00000000c1100000, 0x00000000c1000000| Untracked 
|  17|0x00000000c1100000, 0x00000000c1200000, 0x00000000c1200000|100%| O|  |TAMS 0x00000000c1200000, 0x00000000c1100000| Untracked 
|  18|0x00000000c1200000, 0x00000000c1300000, 0x00000000c1300000|100%| O|  |TAMS 0x00000000c1300000, 0x00000000c1200000| Untracked 
|  19|0x00000000c1300000, 0x00000000c1400000, 0x00000000c1400000|100%| O|  |TAMS 0x00000000c1400000, 0x00000000c1300000| Untracked 
|  20|0x00000000c1400000, 0x00000000c1500000, 0x00000000c1500000|100%| O|  |TAMS 0x00000000c1400000, 0x00000000c1400000| Untracked 
|  21|0x00000000c1500000, 0x00000000c1600000, 0x00000000c1600000|100%| O|  |TAMS 0x00000000c1600000, 0x00000000c1500000| Untracked 
|  22|0x00000000c1600000, 0x00000000c1600000, 0x00000000c1700000|  0%| F|  |TAMS 0x00000000c1600000, 0x00000000c1600000| Untracked 
|  23|0x00000000c1700000, 0x00000000c1800000, 0x00000000c1800000|100%|HS|  |TAMS 0x00000000c1800000, 0x00000000c1700000| Complete 
|  24|0x00000000c1800000, 0x00000000c1900000, 0x00000000c1900000|100%| O|  |TAMS 0x00000000c1900000, 0x00000000c1800000| Untracked 
|  25|0x00000000c1900000, 0x00000000c1a00000, 0x00000000c1a00000|100%| O|  |TAMS 0x00000000c1a00000, 0x00000000c1900000| Untracked 
|  26|0x00000000c1a00000, 0x00000000c1b00000, 0x00000000c1b00000|100%| O|  |TAMS 0x00000000c1a00000, 0x00000000c1a00000| Untracked 
|  27|0x00000000c1b00000, 0x00000000c1c00000, 0x00000000c1c00000|100%| O|  |TAMS 0x00000000c1b00000, 0x00000000c1b00000| Untracked 
|  28|0x00000000c1c00000, 0x00000000c1d00000, 0x00000000c1d00000|100%| O|  |TAMS 0x00000000c1c00000, 0x00000000c1c00000| Untracked 
|  29|0x00000000c1d00000, 0x00000000c1e00000, 0x00000000c1e00000|100%| O|  |TAMS 0x00000000c1d00000, 0x00000000c1d00000| Untracked 
|  30|0x00000000c1e00000, 0x00000000c1f00000, 0x00000000c1f00000|100%| O|  |TAMS 0x00000000c1f00000, 0x00000000c1e00000| Untracked 
|  31|0x00000000c1f00000, 0x00000000c2000000, 0x00000000c2000000|100%| O|  |TAMS 0x00000000c2000000, 0x00000000c1f00000| Untracked 
|  32|0x00000000c2000000, 0x00000000c2100000, 0x00000000c2100000|100%| O|  |TAMS 0x00000000c2000000, 0x00000000c2000000| Untracked 
|  33|0x00000000c2100000, 0x00000000c2200000, 0x00000000c2200000|100%| O|  |TAMS 0x00000000c2100000, 0x00000000c2100000| Untracked 
|  34|0x00000000c2200000, 0x00000000c2300000, 0x00000000c2300000|100%| O|  |TAMS 0x00000000c2300000, 0x00000000c2200000| Untracked 
|  35|0x00000000c2300000, 0x00000000c2400000, 0x00000000c2400000|100%| O|  |TAMS 0x00000000c2400000, 0x00000000c2300000| Untracked 
|  36|0x00000000c2400000, 0x00000000c2500000, 0x00000000c2500000|100%| O|  |TAMS 0x00000000c2500000, 0x00000000c2400000| Untracked 
|  37|0x00000000c2500000, 0x00000000c2600000, 0x00000000c2600000|100%| O|  |TAMS 0x00000000c2600000, 0x00000000c2500000| Untracked 
|  38|0x00000000c2600000, 0x00000000c2700000, 0x00000000c2700000|100%| O|  |TAMS 0x00000000c2700000, 0x00000000c2600000| Untracked 
|  39|0x00000000c2700000, 0x00000000c2800000, 0x00000000c2800000|100%| O|  |TAMS 0x00000000c2800000, 0x00000000c2700000| Untracked 
|  40|0x00000000c2800000, 0x00000000c2900000, 0x00000000c2900000|100%| O|  |TAMS 0x00000000c28c4800, 0x00000000c2800000| Untracked 
|  41|0x00000000c2900000, 0x00000000c2a00000, 0x00000000c2a00000|100%| O|  |TAMS 0x00000000c2a00000, 0x00000000c2900000| Untracked 
|  42|0x00000000c2a00000, 0x00000000c2b00000, 0x00000000c2b00000|100%| O|  |TAMS 0x00000000c2a00000, 0x00000000c2a00000| Untracked 
|  43|0x00000000c2b00000, 0x00000000c2bb0800, 0x00000000c2c00000| 68%| O|  |TAMS 0x00000000c2b00000, 0x00000000c2b00000| Untracked 
|  44|0x00000000c2c00000, 0x00000000c2c00000, 0x00000000c2d00000|  0%| F|  |TAMS 0x00000000c2c00000, 0x00000000c2c00000| Untracked 
|  45|0x00000000c2d00000, 0x00000000c2d00000, 0x00000000c2e00000|  0%| F|  |TAMS 0x00000000c2d00000, 0x00000000c2d00000| Untracked 
|  46|0x00000000c2e00000, 0x00000000c2e00000, 0x00000000c2f00000|  0%| F|  |TAMS 0x00000000c2e00000, 0x00000000c2e00000| Untracked 
|  47|0x00000000c2f00000, 0x00000000c2f00000, 0x00000000c3000000|  0%| F|  |TAMS 0x00000000c2f00000, 0x00000000c2f00000| Untracked 
|  48|0x00000000c3000000, 0x00000000c3000000, 0x00000000c3100000|  0%| F|  |TAMS 0x00000000c3000000, 0x00000000c3000000| Untracked 
|  49|0x00000000c3100000, 0x00000000c3100000, 0x00000000c3200000|  0%| F|  |TAMS 0x00000000c3100000, 0x00000000c3100000| Untracked 
|  50|0x00000000c3200000, 0x00000000c3200000, 0x00000000c3300000|  0%| F|  |TAMS 0x00000000c3200000, 0x00000000c3200000| Untracked 
|  51|0x00000000c3300000, 0x00000000c3300000, 0x00000000c3400000|  0%| F|  |TAMS 0x00000000c3300000, 0x00000000c3300000| Untracked 
|  52|0x00000000c3400000, 0x00000000c3400000, 0x00000000c3500000|  0%| F|  |TAMS 0x00000000c3400000, 0x00000000c3400000| Untracked 
|  53|0x00000000c3500000, 0x00000000c3500000, 0x00000000c3600000|  0%| F|  |TAMS 0x00000000c3500000, 0x00000000c3500000| Untracked 
|  54|0x00000000c3600000, 0x00000000c3600000, 0x00000000c3700000|  0%| F|  |TAMS 0x00000000c3600000, 0x00000000c3600000| Untracked 
|  55|0x00000000c3700000, 0x00000000c3700000, 0x00000000c3800000|  0%| F|  |TAMS 0x00000000c3700000, 0x00000000c3700000| Untracked 
|  56|0x00000000c3800000, 0x00000000c3800000, 0x00000000c3900000|  0%| F|  |TAMS 0x00000000c3800000, 0x00000000c3800000| Untracked 
|  57|0x00000000c3900000, 0x00000000c3900000, 0x00000000c3a00000|  0%| F|  |TAMS 0x00000000c3900000, 0x00000000c3900000| Untracked 
|  58|0x00000000c3a00000, 0x00000000c3a00000, 0x00000000c3b00000|  0%| F|  |TAMS 0x00000000c3a00000, 0x00000000c3a00000| Untracked 
|  59|0x00000000c3b00000, 0x00000000c3b00000, 0x00000000c3c00000|  0%| F|  |TAMS 0x00000000c3b00000, 0x00000000c3b00000| Untracked 
|  60|0x00000000c3c00000, 0x00000000c3c00000, 0x00000000c3d00000|  0%| F|  |TAMS 0x00000000c3c00000, 0x00000000c3c00000| Untracked 
|  61|0x00000000c3d00000, 0x00000000c3d00000, 0x00000000c3e00000|  0%| F|  |TAMS 0x00000000c3d00000, 0x00000000c3d00000| Untracked 
|  62|0x00000000c3e00000, 0x00000000c3e00000, 0x00000000c3f00000|  0%| F|  |TAMS 0x00000000c3e00000, 0x00000000c3e00000| Untracked 
|  63|0x00000000c3f00000, 0x00000000c3f3cb80, 0x00000000c4000000| 23%| S|CS|TAMS 0x00000000c3f00000, 0x00000000c3f00000| Complete 
|  64|0x00000000c4000000, 0x00000000c4100000, 0x00000000c4100000|100%| S|CS|TAMS 0x00000000c4000000, 0x00000000c4000000| Complete 
|  65|0x00000000c4100000, 0x00000000c4200000, 0x00000000c4200000|100%| S|CS|TAMS 0x00000000c4100000, 0x00000000c4100000| Complete 
|  66|0x00000000c4200000, 0x00000000c4200000, 0x00000000c4300000|  0%| F|  |TAMS 0x00000000c4200000, 0x00000000c4200000| Untracked 
|  67|0x00000000c4300000, 0x00000000c4300000, 0x00000000c4400000|  0%| F|  |TAMS 0x00000000c4300000, 0x00000000c4300000| Untracked 
|  68|0x00000000c4400000, 0x00000000c4400000, 0x00000000c4500000|  0%| F|  |TAMS 0x00000000c4400000, 0x00000000c4400000| Untracked 
|  69|0x00000000c4500000, 0x00000000c4500000, 0x00000000c4600000|  0%| F|  |TAMS 0x00000000c4500000, 0x00000000c4500000| Untracked 
|  70|0x00000000c4600000, 0x00000000c4600000, 0x00000000c4700000|  0%| F|  |TAMS 0x00000000c4600000, 0x00000000c4600000| Untracked 
|  71|0x00000000c4700000, 0x00000000c4700000, 0x00000000c4800000|  0%| F|  |TAMS 0x00000000c4700000, 0x00000000c4700000| Untracked 
|  72|0x00000000c4800000, 0x00000000c4800000, 0x00000000c4900000|  0%| F|  |TAMS 0x00000000c4800000, 0x00000000c4800000| Untracked 
|  73|0x00000000c4900000, 0x00000000c4941600, 0x00000000c4a00000| 25%| E|  |TAMS 0x00000000c4900000, 0x00000000c4900000| Complete 
|  74|0x00000000c4a00000, 0x00000000c4b00000, 0x00000000c4b00000|100%| E|CS|TAMS 0x00000000c4a00000, 0x00000000c4a00000| Complete 
|  75|0x00000000c4b00000, 0x00000000c4c00000, 0x00000000c4c00000|100%| E|CS|TAMS 0x00000000c4b00000, 0x00000000c4b00000| Complete 
|  76|0x00000000c4c00000, 0x00000000c4d00000, 0x00000000c4d00000|100%| E|CS|TAMS 0x00000000c4c00000, 0x00000000c4c00000| Complete 
|  77|0x00000000c4d00000, 0x00000000c4e00000, 0x00000000c4e00000|100%| E|CS|TAMS 0x00000000c4d00000, 0x00000000c4d00000| Complete 
|  78|0x00000000c4e00000, 0x00000000c4f00000, 0x00000000c4f00000|100%| E|CS|TAMS 0x00000000c4e00000, 0x00000000c4e00000| Complete 
|  79|0x00000000c4f00000, 0x00000000c5000000, 0x00000000c5000000|100%| E|CS|TAMS 0x00000000c4f00000, 0x00000000c4f00000| Complete 
|  80|0x00000000c5000000, 0x00000000c5100000, 0x00000000c5100000|100%| E|CS|TAMS 0x00000000c5000000, 0x00000000c5000000| Complete 
|  81|0x00000000c5100000, 0x00000000c5200000, 0x00000000c5200000|100%| E|CS|TAMS 0x00000000c5100000, 0x00000000c5100000| Complete 
|  82|0x00000000c5200000, 0x00000000c5300000, 0x00000000c5300000|100%| E|CS|TAMS 0x00000000c5200000, 0x00000000c5200000| Complete 
|  83|0x00000000c5300000, 0x00000000c5400000, 0x00000000c5400000|100%| E|CS|TAMS 0x00000000c5300000, 0x00000000c5300000| Complete 
|  84|0x00000000c5400000, 0x00000000c5500000, 0x00000000c5500000|100%| E|CS|TAMS 0x00000000c5400000, 0x00000000c5400000| Complete 
|  85|0x00000000c5500000, 0x00000000c5600000, 0x00000000c5600000|100%| E|CS|TAMS 0x00000000c5500000, 0x00000000c5500000| Complete 
|  86|0x00000000c5600000, 0x00000000c5700000, 0x00000000c5700000|100%| E|CS|TAMS 0x00000000c5600000, 0x00000000c5600000| Complete 

Card table byte_map: [0x00000203e8520000,0x00000203e8720000] _byte_map_base: 0x00000203e7f20000

Marking Bits (Prev, Next): (CMBitMap*) 0x00000203cf346038, (CMBitMap*) 0x00000203cf346078
 Prev Bits: [0x00000203e8920000, 0x00000203e9920000)
 Next Bits: [0x00000203e9920000, 0x00000203ea920000)

Polling page: 0x00000203cf1e0000

Metaspace:

Usage:
  Non-class:     26.92 MB capacity,    26.25 MB ( 98%) used,   616.66 KB (  2%) free+waste,    65.25 KB ( <1%) overhead. 
      Class:      3.49 MB capacity,     3.16 MB ( 91%) used,   302.99 KB (  8%) free+waste,    28.25 KB ( <1%) overhead. 
       Both:     30.41 MB capacity,    29.42 MB ( 97%) used,   919.66 KB (  3%) free+waste,    93.50 KB ( <1%) overhead. 

Virtual space:
  Non-class space:       28.00 MB reserved,      27.00 MB ( 96%) committed 
      Class space:        1.00 GB reserved,       3.50 MB ( <1%) committed 
             Both:        1.03 GB reserved,      30.50 MB (  3%) committed 

Chunk freelists:
   Non-Class:  2.13 KB
       Class:  1.50 KB
        Both:  3.63 KB

CodeHeap 'non-profiled nmethods': size=120064Kb used=3975Kb max_used=3975Kb free=116088Kb
 bounds [0x00000203e09e0000, 0x00000203e0dd0000, 0x00000203e7f20000]
CodeHeap 'profiled nmethods': size=120000Kb used=14251Kb max_used=14838Kb free=105748Kb
 bounds [0x00000203d94b0000, 0x00000203da380000, 0x00000203e09e0000]
CodeHeap 'non-nmethods': size=5696Kb used=1193Kb max_used=1227Kb free=4502Kb
 bounds [0x00000203d8f20000, 0x00000203d9190000, 0x00000203d94b0000]
 total_blobs=9960 nmethods=5983 adapters=447
 compilation: enabled
              stopped_count=0, restarted_count=0
 full_count=0

Compilation events (10 events):
Event: 120.446 Thread 0x00000203ed488800 nmethod 7248 0x00000203e0c9b790 code [0x00000203e0c9b940, 0x00000203e0c9ba78]
Event: 124.710 Thread 0x00000203ed488800 7249       3       java.util.concurrent.locks.AbstractQueuedSynchronizer::transferForSignal (45 bytes)
Event: 124.714 Thread 0x00000203ed488800 nmethod 7249 0x00000203d9f6db10 code [0x00000203d9f6de20, 0x00000203d9f6edc0]
Event: 128.992 Thread 0x00000203ed488800 7250       3       java.util.concurrent.locks.AbstractQueuedSynchronizer::enq (37 bytes)
Event: 128.997 Thread 0x00000203ed488800 nmethod 7250 0x00000203d9f83610 code [0x00000203d9f83a40, 0x00000203d9f85890]
Event: 130.343 Thread 0x00000203ed488800 7251       3       java.util.concurrent.atomic.AtomicBoolean::get (13 bytes)
Event: 130.344 Thread 0x00000203ed488800 nmethod 7251 0x00000203d9e6ef90 code [0x00000203d9e6f140, 0x00000203d9e6f318]
Event: 136.805 Thread 0x00000203ed485000 7252       4       java.util.concurrent.locks.ReentrantLock$Sync::nonfairTryAcquire (67 bytes)
Event: 136.809 Thread 0x00000203ed485000 nmethod 7252 0x00000203e0c9b310 code [0x00000203e0c9b4a0, 0x00000203e0c9b678]
Event: 138.661 Thread 0x00000203ed485000 7253       4       org.codehaus.plexus.classworlds.realm.Entry::matches (282 bytes)

GC Heap History (10 events):
Event: 72.655 GC heap before
{Heap before GC invocations=41 (full 0):
 garbage-first heap   total 71680K, used 53133K [0x00000000c0000000, 0x0000000100000000)
  region size 1024K, 14 young (14336K), 2 survivors (2048K)
 Metaspace       used 27064K, capacity 28019K, committed 29568K, reserved 1075200K
  class space    used 2916K, capacity 3241K, committed 3456K, reserved 1048576K
}
Event: 72.673 GC heap after
{Heap after GC invocations=42 (full 0):
 garbage-first heap   total 71680K, used 44192K [0x00000000c0000000, 0x0000000100000000)
  region size 1024K, 2 young (2048K), 2 survivors (2048K)
 Metaspace       used 27064K, capacity 28019K, committed 29568K, reserved 1075200K
  class space    used 2916K, capacity 3241K, committed 3456K, reserved 1048576K
}
Event: 73.958 GC heap before
{Heap before GC invocations=42 (full 0):
 garbage-first heap   total 71680K, used 54432K [0x00000000c0000000, 0x0000000100000000)
  region size 1024K, 13 young (13312K), 2 survivors (2048K)
 Metaspace       used 27420K, capacity 28339K, committed 29568K, reserved 1075200K
  class space    used 2980K, capacity 3305K, committed 3456K, reserved 1048576K
}
Event: 73.963 GC heap after
{Heap after GC invocations=43 (full 0):
 garbage-first heap   total 89088K, used 45001K [0x00000000c0000000, 0x0000000100000000)
  region size 1024K, 1 young (1024K), 1 survivors (1024K)
 Metaspace       used 27420K, capacity 28339K, committed 29568K, reserved 1075200K
  class space    used 2980K, capacity 3305K, committed 3456K, reserved 1048576K
}
Event: 76.189 GC heap before
{Heap before GC invocations=43 (full 0):
 garbage-first heap   total 89088K, used 60361K [0x00000000c0000000, 0x0000000100000000)
  region size 1024K, 17 young (17408K), 1 survivors (1024K)
 Metaspace       used 28060K, capacity 28986K, committed 29568K, reserved 1075200K
  class space    used 3052K, capacity 3370K, committed 3456K, reserved 1048576K
}
Event: 76.194 GC heap after
{Heap after GC invocations=44 (full 0):
 garbage-first heap   total 89088K, used 44435K [0x00000000c0000000, 0x0000000100000000)
  region size 1024K, 1 young (1024K), 1 survivors (1024K)
 Metaspace       used 28060K, capacity 28986K, committed 29568K, reserved 1075200K
  class space    used 3052K, capacity 3370K, committed 3456K, reserved 1048576K
}
Event: 78.333 GC heap before
{Heap before GC invocations=44 (full 0):
 garbage-first heap   total 89088K, used 62867K [0x00000000c0000000, 0x0000000100000000)
  region size 1024K, 19 young (19456K), 1 survivors (1024K)
 Metaspace       used 29029K, capacity 29982K, committed 30080K, reserved 1075200K
  class space    used 3137K, capacity 3442K, committed 3456K, reserved 1048576K
}
Event: 78.343 GC heap after
{Heap after GC invocations=45 (full 0):
 garbage-first heap   total 89088K, used 45277K [0x00000000c0000000, 0x0000000100000000)
  region size 1024K, 2 young (2048K), 2 survivors (2048K)
 Metaspace       used 29029K, capacity 29982K, committed 30080K, reserved 1075200K
  class space    used 3137K, capacity 3442K, committed 3456K, reserved 1048576K
}
Event: 79.567 GC heap before
{Heap before GC invocations=45 (full 0):
 garbage-first heap   total 89088K, used 64733K [0x00000000c0000000, 0x0000000100000000)
  region size 1024K, 21 young (21504K), 2 survivors (2048K)
 Metaspace       used 29182K, capacity 30142K, committed 30464K, reserved 1077248K
  class space    used 3145K, capacity 3474K, committed 3584K, reserved 1048576K
}
Event: 79.577 GC heap after
{Heap after GC invocations=46 (full 0):
 garbage-first heap   total 89088K, used 46004K [0x00000000c0000000, 0x0000000100000000)
  region size 1024K, 3 young (3072K), 3 survivors (3072K)
 Metaspace       used 29182K, capacity 30142K, committed 30464K, reserved 1077248K
  class space    used 3145K, capacity 3474K, committed 3584K, reserved 1048576K
}

Deoptimization events (10 events):
Event: 80.366 Thread 0x00000203cf317800 Uncommon trap: reason=class_check action=maybe_recompile pc=0x00000203e0d800a0 method=java.nio.charset.CharsetEncoder.encode(Ljava/nio/CharBuffer;Ljava/nio/ByteBuffer;Z)Ljava/nio/charset/CoderResult; @ 57 c2
Event: 80.367 Thread 0x00000203cf317800 Uncommon trap: reason=predicate action=maybe_recompile pc=0x00000203e0d7f080 method=java.nio.charset.CharsetEncoder.encode(Ljava/nio/CharBuffer;Ljava/nio/ByteBuffer;Z)Ljava/nio/charset/CoderResult; @ 54 c2
Event: 80.373 Thread 0x00000203cf317800 Uncommon trap: reason=class_check action=maybe_recompile pc=0x00000203e0d800a0 method=java.nio.charset.CharsetEncoder.encode(Ljava/nio/CharBuffer;Ljava/nio/ByteBuffer;Z)Ljava/nio/charset/CoderResult; @ 57 c2
Event: 80.785 Thread 0x00000203cf317800 Uncommon trap: reason=unstable_if action=reinterpret pc=0x00000203e0db4ccc method=java.util.zip.Deflater.deflate([BIII)I @ 71 c2
Event: 80.785 Thread 0x00000203cf317800 Uncommon trap: reason=unstable_if action=reinterpret pc=0x00000203e0db12d4 method=java.util.zip.DeflaterOutputStream.deflate()V @ 19 c2
Event: 84.331 Thread 0x00000203efb1b000 Uncommon trap: reason=unstable_if action=reinterpret pc=0x00000203e0ce92c0 method=java.io.BufferedReader.readLine(Z)Ljava/lang/String; @ 265 c2
Event: 97.800 Thread 0x00000203efb1a000 Uncommon trap: reason=predicate action=maybe_recompile pc=0x00000203e0db843c method=sun.nio.cs.UTF_8$Encoder.encodeArrayLoop(Ljava/nio/CharBuffer;Ljava/nio/ByteBuffer;)Ljava/nio/charset/CoderResult; @ 113 c2
Event: 138.662 Thread 0x00000203efb1a000 Uncommon trap: reason=unstable_if action=reinterpret pc=0x00000203e0c476c4 method=java.util.Formatter$Conversion.isGeneral(C)Z @ 1 c2
Event: 138.662 Thread 0x00000203efb1a000 Uncommon trap: reason=unstable_if action=reinterpret pc=0x00000203e0b466d4 method=java.util.Formatter$Conversion.isGeneral(C)Z @ 1 c2
Event: 138.662 Thread 0x00000203efb1a000 Uncommon trap: reason=unstable_if action=reinterpret pc=0x00000203e0ce6d24 method=java.util.Formatter$FormatSpecifier.print(Ljava/lang/Object;Ljava/util/Locale;)V @ 18 c2

Classes redefined (0 events):
No events

Internal exceptions (10 events):
Event: 75.639 Thread 0x00000203cf317800 Exception <a 'sun/nio/fs/WindowsException'{0x00000000c4ba8aa0}> (0x00000000c4ba8aa0) thrown at [t:/workspace/open/src/hotspot/share/prims/jni.cpp, line 615]
Event: 75.639 Thread 0x00000203cf317800 Exception <a 'sun/nio/fs/WindowsException'{0x00000000c4ba8d68}> (0x00000000c4ba8d68) thrown at [t:/workspace/open/src/hotspot/share/prims/jni.cpp, line 615]
Event: 75.639 Thread 0x00000203cf317800 Exception <a 'sun/nio/fs/WindowsException'{0x00000000c4ba99e8}> (0x00000000c4ba99e8) thrown at [t:/workspace/open/src/hotspot/share/prims/jni.cpp, line 615]
Event: 75.639 Thread 0x00000203cf317800 Exception <a 'sun/nio/fs/WindowsException'{0x00000000c4ba9c98}> (0x00000000c4ba9c98) thrown at [t:/workspace/open/src/hotspot/share/prims/jni.cpp, line 615]
Event: 75.639 Thread 0x00000203cf317800 Exception <a 'sun/nio/fs/WindowsException'{0x00000000c4baa910}> (0x00000000c4baa910) thrown at [t:/workspace/open/src/hotspot/share/prims/jni.cpp, line 615]
Event: 77.984 Thread 0x00000203cf317800 Exception <a 'java/lang/NoSuchMethodError'{0x00000000c47d8898}: org.apache.maven.execution.MavenExecutionRequest.getFailureBehavior()Ljava/lang/String;> (0x00000000c47d8898) thrown at [t:/workspace/open/src/hotspot/share/interpreter/linkResolver.cpp, line
Event: 78.022 Thread 0x00000203ef70c000 Exception <a 'java/lang/NoSuchMethodError'{0x00000000c4560438}: java.lang.invoke.DirectMethodHandle$Holder.invokeStatic(Ljava/lang/Object;Ljava/lang/Object;JLjava/lang/Object;)Ljava/lang/Object;> (0x00000000c4560438) thrown at [t:/workspace/open/src/hotsp
Event: 78.022 Thread 0x00000203ef70c000 Exception <a 'java/lang/NoSuchMethodError'{0x00000000c45633c8}: java.lang.invoke.DirectMethodHandle$Holder.invokeStaticInit(Ljava/lang/Object;Ljava/lang/Object;JLjava/lang/Object;)Ljava/lang/Object;> (0x00000000c45633c8) thrown at [t:/workspace/open/src/h
Event: 78.024 Thread 0x00000203ef70c000 Exception <a 'java/lang/NoSuchMethodError'{0x00000000c4568f18}: java.lang.invoke.Invokers$Holder.linkToTargetMethod(Ljava/lang/Object;JLjava/lang/Object;)Ljava/lang/Object;> (0x00000000c4568f18) thrown at [t:/workspace/open/src/hotspot/share/interpreter/l
Event: 80.964 Thread 0x00000203cf317800 Exception <a 'java/lang/NoSuchMethodError'{0x00000000c4c1f0e8}: java.lang.invoke.DirectMethodHandle$Holder.invokeStatic(Ljava/lang/Object;J)V> (0x00000000c4c1f0e8) thrown at [t:/workspace/open/src/hotspot/share/interpreter/linkResolver.cpp, line 777]

Events (10 events):
Event: 138.661 loading class org/apache/maven/plugin/surefire/booterclient/output/InPluginProcessDumpSingleton done
Event: 138.662 Thread 0x00000203efb1a000 Uncommon trap: trap_request=0xffffff4d fr.pc=0x00000203e0c476c4 relative=0x00000000000007e4
Event: 138.662 Thread 0x00000203efb1a000 DEOPT PACKING pc=0x00000203e0c476c4 sp=0x0000006e81afee40
Event: 138.662 Thread 0x00000203efb1a000 DEOPT UNPACKING pc=0x00000203d8f48da9 sp=0x0000006e81afece0 mode 2
Event: 138.662 Thread 0x00000203efb1a000 Uncommon trap: trap_request=0xffffff4d fr.pc=0x00000203e0b466d4 relative=0x0000000000000034
Event: 138.662 Thread 0x00000203efb1a000 DEOPT PACKING pc=0x00000203e0b466d4 sp=0x0000006e81afee10
Event: 138.662 Thread 0x00000203efb1a000 DEOPT UNPACKING pc=0x00000203d8f48da9 sp=0x0000006e81afeda0 mode 2
Event: 138.662 Thread 0x00000203efb1a000 Uncommon trap: trap_request=0xffffff4d fr.pc=0x00000203e0ce6d24 relative=0x0000000000000364
Event: 138.663 Thread 0x00000203efb1a000 DEOPT PACKING pc=0x00000203e0ce6d24 sp=0x0000006e81afeff0
Event: 138.663 Thread 0x00000203efb1a000 DEOPT UNPACKING pc=0x00000203d8f48da9 sp=0x0000006e81afefb8 mode 2


Dynamic libraries:
0x00007ff793a00000 - 0x00007ff793a0f000 	C:\Program Files\Java\jdk-12.0.2\bin\java.exe
0x00007ffcefdb0000 - 0x00007ffceffa5000 	C:\WINDOWS\SYSTEM32\ntdll.dll
0x00007ffcef880000 - 0x00007ffcef93d000 	C:\WINDOWS\System32\KERNEL32.DLL
0x00007ffced5d0000 - 0x00007ffced898000 	C:\WINDOWS\System32\KERNELBASE.dll
0x00007ffcedab0000 - 0x00007ffcedbb0000 	C:\WINDOWS\System32\ucrtbase.dll
0x00007ffcdca70000 - 0x00007ffcdca86000 	C:\Program Files\Java\jdk-12.0.2\bin\VCRUNTIME140.dll
0x00007ffcdcb00000 - 0x00007ffcdcb18000 	C:\Program Files\Java\jdk-12.0.2\bin\jli.dll
0x00007ffcef7d0000 - 0x00007ffcef87c000 	C:\WINDOWS\System32\ADVAPI32.dll
0x00007ffcef350000 - 0x00007ffcef3ee000 	C:\WINDOWS\System32\msvcrt.dll
0x00007ffcefae0000 - 0x00007ffcefb7b000 	C:\WINDOWS\System32\sechost.dll
0x00007ffceeb70000 - 0x00007ffceec9b000 	C:\WINDOWS\System32\RPCRT4.dll
0x00007ffcee7b0000 - 0x00007ffcee950000 	C:\WINDOWS\System32\USER32.dll
0x00007ffced4f0000 - 0x00007ffced512000 	C:\WINDOWS\System32\win32u.dll
0x00007ffcef940000 - 0x00007ffcef96a000 	C:\WINDOWS\System32\GDI32.dll
0x00007ffcedd00000 - 0x00007ffcede0b000 	C:\WINDOWS\System32\gdi32full.dll
0x00007ffcedc60000 - 0x00007ffcedcfd000 	C:\WINDOWS\System32\msvcp_win.dll
0x00007ffcc98e0000 - 0x00007ffcc9b7a000 	C:\WINDOWS\WinSxS\amd64_microsoft.windows.common-controls_6595b64144ccf1df_6.0.19041.844_none_ca00b6081b84eb1d\COMCTL32.dll
0x00007ffce6760000 - 0x00007ffce676a000 	C:\WINDOWS\SYSTEM32\VERSION.dll
0x00007ffceed10000 - 0x00007ffceed40000 	C:\WINDOWS\System32\IMM32.DLL
0x00007ffcccda0000 - 0x00007ffccce4a000 	C:\Program Files\Java\jdk-12.0.2\bin\msvcp140.dll
0x00007ffc808d0000 - 0x00007ffc81447000 	C:\Program Files\Java\jdk-12.0.2\bin\server\jvm.dll
0x00007ffceedd0000 - 0x00007ffceedd8000 	C:\WINDOWS\System32\PSAPI.DLL
0x00007ffcc7800000 - 0x00007ffcc7809000 	C:\WINDOWS\SYSTEM32\WSOCK32.dll
0x00007ffceeca0000 - 0x00007ffceed0b000 	C:\WINDOWS\System32\WS2_32.dll
0x00007ffce6730000 - 0x00007ffce6757000 	C:\WINDOWS\SYSTEM32\WINMM.dll
0x00007ffceb460000 - 0x00007ffceb472000 	C:\WINDOWS\SYSTEM32\kernel.appcore.dll
0x00007ffcdc880000 - 0x00007ffcdc891000 	C:\Program Files\Java\jdk-12.0.2\bin\verify.dll
0x00007ffce16c0000 - 0x00007ffce18a4000 	C:\WINDOWS\SYSTEM32\DBGHELP.DLL
0x00007ffcdfd40000 - 0x00007ffcdfd6c000 	C:\WINDOWS\SYSTEM32\dbgcore.DLL
0x00007ffceda00000 - 0x00007ffceda80000 	C:\WINDOWS\System32\bcryptPrimitives.dll
0x00007ffcdb340000 - 0x00007ffcdb366000 	C:\Program Files\Java\jdk-12.0.2\bin\java.dll
0x00007ffcdf860000 - 0x00007ffcdf86e000 	C:\Program Files\Java\jdk-12.0.2\bin\instrument.dll
0x00007ffcdbad0000 - 0x00007ffcdbae7000 	C:\Program Files\Java\jdk-12.0.2\bin\zip.dll
0x00007ffce21b0000 - 0x00007ffce21ba000 	C:\Program Files\Java\jdk-12.0.2\bin\jimage.dll
0x00007ffcee060000 - 0x00007ffcee7a2000 	C:\WINDOWS\System32\SHELL32.dll
0x00007ffceb660000 - 0x00007ffcebdf0000 	C:\WINDOWS\SYSTEM32\windows.storage.dll
0x00007ffcef3f0000 - 0x00007ffcef745000 	C:\WINDOWS\System32\combase.dll
0x00007ffcecf60000 - 0x00007ffcecf8c000 	C:\WINDOWS\SYSTEM32\Wldp.dll
0x00007ffcefa30000 - 0x00007ffcefade000 	C:\WINDOWS\System32\SHCORE.dll
0x00007ffcedf30000 - 0x00007ffcedf85000 	C:\WINDOWS\System32\shlwapi.dll
0x00007ffced430000 - 0x00007ffced44f000 	C:\WINDOWS\SYSTEM32\profapi.dll
0x00007ffcda560000 - 0x00007ffcda579000 	C:\Program Files\Java\jdk-12.0.2\bin\net.dll
0x00007ffcddcd0000 - 0x00007ffcddddb000 	C:\WINDOWS\SYSTEM32\WINHTTP.dll
0x00007ffce18b0000 - 0x00007ffce1a9e000 	C:\WINDOWS\SYSTEM32\urlmon.dll
0x00007ffce5580000 - 0x00007ffce5830000 	C:\WINDOWS\SYSTEM32\iertutil.dll
0x00007ffceccd0000 - 0x00007ffcecd3a000 	C:\WINDOWS\system32\mswsock.dll
0x00007ffcda540000 - 0x00007ffcda553000 	C:\Program Files\Java\jdk-12.0.2\bin\nio.dll
0x00007ffce0440000 - 0x00007ffce045a000 	D:\JetBrains\IntelliJ IDEA 2019.2.3\bin\breakgen64.dll
0x00007ffceceb0000 - 0x00007ffcecec8000 	C:\WINDOWS\SYSTEM32\CRYPTSP.dll
0x00007ffcec600000 - 0x00007ffcec634000 	C:\WINDOWS\system32\rsaenh.dll
0x00007ffceda80000 - 0x00007ffcedaa7000 	C:\WINDOWS\System32\bcrypt.dll
0x00007ffced3f0000 - 0x00007ffced41e000 	C:\WINDOWS\SYSTEM32\USERENV.dll
0x00007ffcecea0000 - 0x00007ffceceac000 	C:\WINDOWS\SYSTEM32\CRYPTBASE.dll
0x00007ffcec970000 - 0x00007ffcec9ab000 	C:\WINDOWS\SYSTEM32\IPHLPAPI.DLL
0x00007ffcee950000 - 0x00007ffcee958000 	C:\WINDOWS\System32\NSI.dll
0x00007ffce5d60000 - 0x00007ffce5d77000 	C:\WINDOWS\SYSTEM32\dhcpcsvc6.DLL
0x00007ffce65e0000 - 0x00007ffce65fd000 	C:\WINDOWS\SYSTEM32\dhcpcsvc.DLL
0x00007ffcec9c0000 - 0x00007ffceca8c000 	C:\WINDOWS\SYSTEM32\DNSAPI.dll
0x00007ffcdf850000 - 0x00007ffcdf85a000 	C:\Users\Влад\AppData\Local\Temp\jansi-1.17.1-3748030387793165784.dll
0x00007ffcdf840000 - 0x00007ffcdf84a000 	C:\Users\Влад\AppData\Local\Temp\jansi-1.17.1-13729346697344672508.dll

dbghelp: loaded successfully - version: 4.0.5 - missing functions: none
symbol engine: initialized successfully - sym options: 0x614 - pdb path: .;C:\Program Files\Java\jdk-12.0.2\bin;C:\WINDOWS\SYSTEM32;C:\WINDOWS\WinSxS\amd64_microsoft.windows.common-controls_6595b64144ccf1df_6.0.19041.844_none_ca00b6081b84eb1d;C:\Program Files\Java\jdk-12.0.2\bin\server;D:\JetBrains\IntelliJ IDEA 2019.2.3\bin;C:\Users\Влад\AppData\Local\Temp

VM Arguments:
jvm_args: -Dmaven.multiModuleProjectDirectory=D:\IdeaProjects\theraven_technical_task -Dmaven.home=D:\JetBrains\IntelliJ IDEA 2019.2.3\plugins\maven\lib\maven3 -Dclassworlds.conf=D:\JetBrains\IntelliJ IDEA 2019.2.3\plugins\maven\lib\maven3\bin\m2.conf -Dmaven.ext.class.path=D:\JetBrains\IntelliJ IDEA 2019.2.3\plugins\maven\lib\maven-event-listener.jar -javaagent:D:\JetBrains\IntelliJ IDEA 2019.2.3\lib\idea_rt.jar=59794:D:\JetBrains\IntelliJ IDEA 2019.2.3\bin -Dfile.encoding=UTF-8 
java_command: org.codehaus.classworlds.Launcher -Didea.version2019.3 clean install
java_class_path (initial): D:\JetBrains\IntelliJ IDEA 2019.2.3\plugins\maven\lib\maven3\boot\plexus-classworlds-2.6.0.jar
Launcher Type: SUN_STANDARD

[Global flags]
     intx CICompilerCount                          = 2                                         {product} {ergonomic}
     uint ConcGCThreads                            = 1                                         {product} {ergonomic}
     uint G1ConcRefinementThreads                  = 2                                         {product} {ergonomic}
   size_t G1HeapRegionSize                         = 1048576                                   {product} {ergonomic}
    uintx GCDrainStackTargetSize                   = 64                                        {product} {ergonomic}
   size_t InitialHeapSize                          = 67108864                                  {product} {ergonomic}
   size_t MarkStackSize                            = 4194304                                   {product} {ergonomic}
   size_t MaxHeapSize                              = 1073741824                                {product} {ergonomic}
   size_t MaxNewSize                               = 643825664                                 {product} {ergonomic}
   size_t MinHeapDeltaBytes                        = 1048576                                   {product} {ergonomic}
    uintx NonNMethodCodeHeapSize                   = 5825164                                {pd product} {ergonomic}
    uintx NonProfiledCodeHeapSize                  = 122916538                              {pd product} {ergonomic}
    uintx ProfiledCodeHeapSize                     = 122916538                              {pd product} {ergonomic}
    uintx ReservedCodeCacheSize                    = 251658240                              {pd product} {ergonomic}
     bool SegmentedCodeCache                       = true                                      {product} {ergonomic}
     bool UseCompressedClassPointers               = true                                 {lp64_product} {ergonomic}
     bool UseCompressedOops                        = true                                 {lp64_product} {ergonomic}
     bool UseG1GC                                  = true                                      {product} {ergonomic}
     bool UseLargePagesIndividualAllocation        = false                                  {pd product} {ergonomic}

Logging:
Log output configuration:
 #0: stdout all=warning uptime,level,tags
 #1: stderr all=off uptime,level,tags

Environment Variables:
JAVA_HOME=C:\Program Files\Java\jdk1.8.0_144
PATH=C:\Program Files (x86)\NVIDIA Corporation\PhysX\Common;C:\ProgramData\Oracle\Java\javapath;C:\Program Files (x86)\Common Files\Oracle\Java\javapath;C:\Program Files\Java\jdk1.8.0_144\bin;D:\Git\cmd;C:\WINDOWS\system32;C:\WINDOWS;C:\WINDOWS\System32\Wbem;C:\WINDOWS\System32\WindowsPowerShell\v1.0\;C:\WINDOWS\System32\OpenSSH\;C:\Users\Влад\AppData\Local\Microsoft\WindowsApps;;D:\JetBrains\IntelliJ IDEA Community Edition 2019.2.2\bin;;D:\JetBrains\IntelliJ IDEA 2019.2.3\bin;
USERNAME=Влад
OS=Windows_NT
PROCESSOR_IDENTIFIER=Intel64 Family 6 Model 15 Stepping 13, GenuineIntel



---------------  S Y S T E M  ---------------

OS: Windows 10 , 64 bit Build 19041 (10.0.19041.928)

CPU:total 2 (initial active 2) (2 cores per cpu, 1 threads per core) family 6 model 15 stepping 13, cmov, cx8, fxsr, mmx, sse, sse2, sse3, ssse3, tsc

Memory: 4k page, system-wide physical 4094M (304M free)
TotalPageFile size 10331M (AvailPageFile size 2M)
current process WorkingSet (physical memory assigned to process): 204M, peak: 216M
current process commit charge ("private bytes"): 219M, peak: 234M

vm_info: Java HotSpot(TM) 64-Bit Server VM (12.0.2+10) for windows-amd64 JRE (12.0.2+10), built on Jul 16 2019 01:56:17 by "mach5one" with MS VC++ 15.5 (VS2017)

END.
