#
# There is insufficient memory for the Java Runtime Environment to continue.
# Native memory allocation (malloc) failed to allocate 32744 bytes for ChunkPool::allocate
# Possible reasons:
#   The system is out of physical RAM or swap space
#   The process is running with CompressedOops enabled, and the Java Heap may be blocking the growth of the native heap
# Possible solutions:
#   Reduce memory load on the system
#   Increase physical memory or swap space
#   Check if swap backing store is full
#   Decrease Java heap size (-Xmx/-Xms)
#   Decrease number of Java threads
#   Decrease Java thread stack sizes (-Xss)
#   Set larger code cache with -XX:ReservedCodeCacheSize=
#   JVM is running with Unscaled Compressed Oops mode in which the Java heap is
#     placed in the first 4GB address space. The Java Heap base address is the
#     maximum limit for the native heap growth. Please use -XX:HeapBaseMinAddress
#     to set the Java Heap base and to place the Java Heap above 4GB virtual address.
# This output file may be truncated or incomplete.
#
#  Out of Memory Error (t:/workspace/open/src/hotspot/share/memory/arena.cpp:81), pid=7012, tid=10572
#
# JRE version: Java(TM) SE Runtime Environment (12.0.2+10) (build 12.0.2+10)
# Java VM: Java HotSpot(TM) 64-Bit Server VM (12.0.2+10, mixed mode, sharing, tiered, compressed oops, g1 gc, windows-amd64)
# No core dump will be written. Minidumps are not enabled by default on client versions of Windows
#

---------------  S U M M A R Y ------------

Command Line: C:\Users\46AD~1\AppData\Local\Temp\surefire10807703525409322878\surefirebooter12110931330689379014.jar C:\Users\Влад\AppData\Local\Temp\surefire10807703525409322878 2021-05-20T14-21-25_093-jvmRun1 surefire15518991869520760079tmp surefire_02730637929548536001tmp

Host: Intel(R) Core(TM)2 Duo CPU     E4500  @ 2.20GHz, 2 cores, 3G,  Windows 10 , 64 bit Build 19041 (10.0.19041.928)
Time: Thu May 20 14:22:25 2021 Финляндия (лето) elapsed time: 57 seconds (0d 0h 0m 57s)

---------------  T H R E A D  ---------------

Current thread (0x00000248e7d42000):  JavaThread "C2 CompilerThread0" daemon [_thread_in_native, id=10572, stack(0x000000b49eb00000,0x000000b49ec00000)]


Current CompileTask:
C2:  57022 4615   !   4       org.springframework.util.ClassUtils::getMostSpecificMethod (72 bytes)

Stack: [0x000000b49eb00000,0x000000b49ec00000]
Native frames: (J=compiled Java code, j=interpreted, Vv=VM code, C=native code)
V  [jvm.dll+0x63aa2a]
V  [jvm.dll+0x78ce1e]
V  [jvm.dll+0x78e4c1]
V  [jvm.dll+0x78eb13]
V  [jvm.dll+0x2627e8]
V  [jvm.dll+0xc57f6]
V  [jvm.dll+0xc5b4c]
V  [jvm.dll+0x37f62d]
V  [jvm.dll+0x53aca4]
V  [jvm.dll+0x346402]
V  [jvm.dll+0x34579a]
V  [jvm.dll+0x21c205]
V  [jvm.dll+0x21b3da]
V  [jvm.dll+0x199a20]
V  [jvm.dll+0x22a744]
V  [jvm.dll+0x228d98]
V  [jvm.dll+0x7512a0]
V  [jvm.dll+0x74a2c8]
V  [jvm.dll+0x639b16]
C  [ucrtbase.dll+0x21bb2]
C  [KERNEL32.DLL+0x17034]
C  [ntdll.dll+0x52651]


---------------  P R O C E S S  ---------------

Threads class SMR info:
_java_thread_list=0x00000248eb0fa770, length=14, elements={
0x00000248c9ba5000, 0x00000248e7d23000, 0x00000248e7d24000, 0x00000248e7d3f000,
0x00000248e7d40000, 0x00000248e7d42000, 0x00000248e7d5e000, 0x00000248e7db1800,
0x00000248e7fc6800, 0x00000248e7fd2000, 0x00000248e8005800, 0x00000248e816a000,
0x00000248ec2c0800, 0x00000248eb731800
}

Java Threads: ( => current thread )
  0x00000248c9ba5000 JavaThread "main" [_thread_in_vm, id=6996, stack(0x000000b49e000000,0x000000b49e100000)]
  0x00000248e7d23000 JavaThread "Reference Handler" daemon [_thread_blocked, id=10612, stack(0x000000b49e700000,0x000000b49e800000)]
  0x00000248e7d24000 JavaThread "Finalizer" daemon [_thread_blocked, id=2308, stack(0x000000b49e800000,0x000000b49e900000)]
  0x00000248e7d3f000 JavaThread "Signal Dispatcher" daemon [_thread_blocked, id=10860, stack(0x000000b49e900000,0x000000b49ea00000)]
  0x00000248e7d40000 JavaThread "Attach Listener" daemon [_thread_blocked, id=13260, stack(0x000000b49ea00000,0x000000b49eb00000)]
=>0x00000248e7d42000 JavaThread "C2 CompilerThread0" daemon [_thread_in_native, id=10572, stack(0x000000b49eb00000,0x000000b49ec00000)]
  0x00000248e7d5e000 JavaThread "C1 CompilerThread0" daemon [_thread_blocked, id=8492, stack(0x000000b49ec00000,0x000000b49ed00000)]
  0x00000248e7db1800 JavaThread "Sweeper thread" daemon [_thread_blocked, id=13624, stack(0x000000b49ed00000,0x000000b49ee00000)]
  0x00000248e7fc6800 JavaThread "Service Thread" daemon [_thread_blocked, id=32, stack(0x000000b49ee00000,0x000000b49ef00000)]
  0x00000248e7fd2000 JavaThread "Common-Cleaner" daemon [_thread_blocked, id=12752, stack(0x000000b49f000000,0x000000b49f100000)]
  0x00000248e8005800 JavaThread "surefire-forkedjvm-command-thread" daemon [_thread_in_native, id=11792, stack(0x000000b49f100000,0x000000b49f200000)]
  0x00000248e816a000 JavaThread "surefire-forkedjvm-ping-30s" daemon [_thread_in_native, id=2644, stack(0x000000b49f200000,0x000000b49f300000)]
  0x00000248ec2c0800 JavaThread "PostgreSQL-JDBC-SharedTimer-1" daemon [_thread_blocked, id=3492, stack(0x000000b49f500000,0x000000b49f600000)]
  0x00000248eb731800 JavaThread "HikariPool-1 housekeeper" daemon [_thread_blocked, id=3216, stack(0x000000b49f600000,0x000000b49f700000)]

Other Threads:
  0x00000248e7d20000 VMThread "VM Thread" [stack: 0x000000b49e600000,0x000000b49e700000] [id=2152]
  0x00000248e7fd1000 WatcherThread [stack: 0x000000b49ef00000,0x000000b49f000000] [id=1576]
  0x00000248c9bd0800 GCTaskThread "GC Thread#0" [stack: 0x000000b49e100000,0x000000b49e200000] [id=2284]
  0x00000248e816e000 GCTaskThread "GC Thread#1" [stack: 0x000000b49f300000,0x000000b49f400000] [id=2768]
  0x00000248c9bda800 ConcurrentGCThread "G1 Main Marker" [stack: 0x000000b49e200000,0x000000b49e300000] [id=8484]
  0x00000248c9bdd000 ConcurrentGCThread "G1 Conc#0" [stack: 0x000000b49e300000,0x000000b49e400000] [id=8320]
  0x00000248c9c2b000 ConcurrentGCThread "G1 Refine#0" [stack: 0x000000b49e400000,0x000000b49e500000] [id=2916]
  0x00000248c9c2c000 ConcurrentGCThread "G1 Young RemSet Sampling" [stack: 0x000000b49e500000,0x000000b49e600000] [id=4916]

Threads with active compile tasks:
C2 CompilerThread0  4615   !   4       org.springframework.util.ClassUtils::getMostSpecificMethod (72 bytes)

VM state:not at safepoint (normal execution)

VM Mutex/Monitor currently owned by a thread: None

Heap address: 0x00000000c0000000, size: 1024 MB, Compressed Oops mode: 32-bit
Narrow klass base: 0x0000000800000000, Narrow klass shift: 3
Compressed class space size: 1073741824 Address: 0x0000000801190000

Heap:
 garbage-first heap   total 48128K, used 37114K [0x00000000c0000000, 0x0000000100000000)
  region size 1024K, 13 young (13312K), 1 survivors (1024K)
 Metaspace       used 49206K, capacity 50758K, committed 51024K, reserved 1093632K
  class space    used 6654K, capacity 7299K, committed 7424K, reserved 1048576K
Heap Regions: E=young(eden), S=young(survivor), O=old, HS=humongous(starts), HC=humongous(continues), CS=collection set, F=free, A=archive, TAMS=top-at-mark-start (previous, next)
|   0|0x00000000c0000000, 0x00000000c0100000, 0x00000000c0100000|100%| O|  |TAMS 0x00000000c0100000, 0x00000000c0000000| Untracked 
|   1|0x00000000c0100000, 0x00000000c0200000, 0x00000000c0200000|100%|HS|  |TAMS 0x00000000c0200000, 0x00000000c0100000| Complete 
|   2|0x00000000c0200000, 0x00000000c0300000, 0x00000000c0300000|100%| O|  |TAMS 0x00000000c0300000, 0x00000000c0200000| Untracked 
|   3|0x00000000c0300000, 0x00000000c0400000, 0x00000000c0400000|100%| O|  |TAMS 0x00000000c0400000, 0x00000000c0300000| Untracked 
|   4|0x00000000c0400000, 0x00000000c0500000, 0x00000000c0500000|100%| O|  |TAMS 0x00000000c0500000, 0x00000000c0400000| Untracked 
|   5|0x00000000c0500000, 0x00000000c0600000, 0x00000000c0600000|100%| O|  |TAMS 0x00000000c0600000, 0x00000000c0500000| Untracked 
|   6|0x00000000c0600000, 0x00000000c0700000, 0x00000000c0700000|100%| O|  |TAMS 0x00000000c0700000, 0x00000000c0600000| Untracked 
|   7|0x00000000c0700000, 0x00000000c0800000, 0x00000000c0800000|100%| O|  |TAMS 0x00000000c0800000, 0x00000000c0700000| Untracked 
|   8|0x00000000c0800000, 0x00000000c08c8200, 0x00000000c0900000| 78%| O|  |TAMS 0x00000000c08c8200, 0x00000000c0800000| Untracked 
|   9|0x00000000c0900000, 0x00000000c0a00000, 0x00000000c0a00000|100%| O|  |TAMS 0x00000000c0a00000, 0x00000000c0900000| Untracked 
|  10|0x00000000c0a00000, 0x00000000c0b00000, 0x00000000c0b00000|100%| O|  |TAMS 0x00000000c0b00000, 0x00000000c0a00000| Untracked 
|  11|0x00000000c0b00000, 0x00000000c0c00000, 0x00000000c0c00000|100%| O|  |TAMS 0x00000000c0c00000, 0x00000000c0b00000| Untracked 
|  12|0x00000000c0c00000, 0x00000000c0d00000, 0x00000000c0d00000|100%| O|  |TAMS 0x00000000c0d00000, 0x00000000c0c00000| Untracked 
|  13|0x00000000c0d00000, 0x00000000c0e00000, 0x00000000c0e00000|100%| O|  |TAMS 0x00000000c0e00000, 0x00000000c0d00000| Untracked 
|  14|0x00000000c0e00000, 0x00000000c0f00000, 0x00000000c0f00000|100%| O|  |TAMS 0x00000000c0f00000, 0x00000000c0e00000| Untracked 
|  15|0x00000000c0f00000, 0x00000000c1000000, 0x00000000c1000000|100%| O|  |TAMS 0x00000000c1000000, 0x00000000c0f00000| Untracked 
|  16|0x00000000c1000000, 0x00000000c1100000, 0x00000000c1100000|100%| O|  |TAMS 0x00000000c1100000, 0x00000000c1000000| Untracked 
|  17|0x00000000c1100000, 0x00000000c1200000, 0x00000000c1200000|100%| O|  |TAMS 0x00000000c1200000, 0x00000000c1100000| Untracked 
|  18|0x00000000c1200000, 0x00000000c1300000, 0x00000000c1300000|100%| O|  |TAMS 0x00000000c1300000, 0x00000000c1200000| Untracked 
|  19|0x00000000c1300000, 0x00000000c1400000, 0x00000000c1400000|100%| O|  |TAMS 0x00000000c1400000, 0x00000000c1300000| Untracked 
|  20|0x00000000c1400000, 0x00000000c1500000, 0x00000000c1500000|100%| O|  |TAMS 0x00000000c1500000, 0x00000000c1400000| Untracked 
|  21|0x00000000c1500000, 0x00000000c1600000, 0x00000000c1600000|100%| O|  |TAMS 0x00000000c1600000, 0x00000000c1500000| Untracked 
|  22|0x00000000c1600000, 0x00000000c1700000, 0x00000000c1700000|100%| O|  |TAMS 0x00000000c165ec00, 0x00000000c1600000| Untracked 
|  23|0x00000000c1700000, 0x00000000c1800000, 0x00000000c1800000|100%| O|  |TAMS 0x00000000c1700000, 0x00000000c1700000| Untracked 
|  24|0x00000000c1800000, 0x00000000c189ba00, 0x00000000c1900000| 60%| O|  |TAMS 0x00000000c1800000, 0x00000000c1800000| Untracked 
|  25|0x00000000c1900000, 0x00000000c1900000, 0x00000000c1a00000|  0%| F|  |TAMS 0x00000000c1900000, 0x00000000c1900000| Untracked 
|  26|0x00000000c1a00000, 0x00000000c1a00000, 0x00000000c1b00000|  0%| F|  |TAMS 0x00000000c1a00000, 0x00000000c1a00000| Untracked 
|  27|0x00000000c1b00000, 0x00000000c1b00000, 0x00000000c1c00000|  0%| F|  |TAMS 0x00000000c1b00000, 0x00000000c1b00000| Untracked 
|  28|0x00000000c1c00000, 0x00000000c1c00000, 0x00000000c1d00000|  0%| F|  |TAMS 0x00000000c1c00000, 0x00000000c1c00000| Untracked 
|  29|0x00000000c1d00000, 0x00000000c1d00000, 0x00000000c1e00000|  0%| F|  |TAMS 0x00000000c1d00000, 0x00000000c1d00000| Untracked 
|  30|0x00000000c1e00000, 0x00000000c1e00000, 0x00000000c1f00000|  0%| F|  |TAMS 0x00000000c1e00000, 0x00000000c1e00000| Untracked 
|  31|0x00000000c1f00000, 0x00000000c1f00000, 0x00000000c2000000|  0%| F|  |TAMS 0x00000000c1f00000, 0x00000000c1f00000| Untracked 
|  32|0x00000000c2000000, 0x00000000c2000000, 0x00000000c2100000|  0%| F|  |TAMS 0x00000000c2000000, 0x00000000c2000000| Untracked 
|  33|0x00000000c2100000, 0x00000000c21dadc0, 0x00000000c2200000| 85%| S|CS|TAMS 0x00000000c2100000, 0x00000000c2100000| Complete 
|  34|0x00000000c2200000, 0x00000000c2200000, 0x00000000c2300000|  0%| F|  |TAMS 0x00000000c2200000, 0x00000000c2200000| Untracked 
|  35|0x00000000c2300000, 0x00000000c2383f88, 0x00000000c2400000| 51%| E|  |TAMS 0x00000000c2300000, 0x00000000c2300000| Complete 
|  36|0x00000000c2400000, 0x00000000c2500000, 0x00000000c2500000|100%| E|CS|TAMS 0x00000000c2400000, 0x00000000c2400000| Complete 
|  37|0x00000000c2500000, 0x00000000c2600000, 0x00000000c2600000|100%| E|CS|TAMS 0x00000000c2500000, 0x00000000c2500000| Complete 
|  38|0x00000000c2600000, 0x00000000c2700000, 0x00000000c2700000|100%| E|CS|TAMS 0x00000000c2600000, 0x00000000c2600000| Complete 
|  39|0x00000000c2700000, 0x00000000c2800000, 0x00000000c2800000|100%| E|CS|TAMS 0x00000000c2700000, 0x00000000c2700000| Complete 
|  40|0x00000000c2800000, 0x00000000c2900000, 0x00000000c2900000|100%| E|CS|TAMS 0x00000000c2800000, 0x00000000c2800000| Complete 
|  41|0x00000000c2900000, 0x00000000c2a00000, 0x00000000c2a00000|100%| E|CS|TAMS 0x00000000c2900000, 0x00000000c2900000| Complete 
|  42|0x00000000c2a00000, 0x00000000c2b00000, 0x00000000c2b00000|100%| E|CS|TAMS 0x00000000c2a00000, 0x00000000c2a00000| Complete 
|  43|0x00000000c2b00000, 0x00000000c2c00000, 0x00000000c2c00000|100%| E|CS|TAMS 0x00000000c2b00000, 0x00000000c2b00000| Complete 
|  44|0x00000000c2c00000, 0x00000000c2d00000, 0x00000000c2d00000|100%| E|CS|TAMS 0x00000000c2c00000, 0x00000000c2c00000| Complete 
|  45|0x00000000c2d00000, 0x00000000c2e00000, 0x00000000c2e00000|100%| E|CS|TAMS 0x00000000c2d00000, 0x00000000c2d00000| Complete 
|  63|0x00000000c3f00000, 0x00000000c4000000, 0x00000000c4000000|100%| E|CS|TAMS 0x00000000c3f00000, 0x00000000c3f00000| Complete 

Card table byte_map: [0x00000248e2db0000,0x00000248e2fb0000] _byte_map_base: 0x00000248e27b0000

Marking Bits (Prev, Next): (CMBitMap*) 0x00000248c9bd29f8, (CMBitMap*) 0x00000248c9bd29b8
 Prev Bits: [0x00000248e41b0000, 0x00000248e51b0000)
 Next Bits: [0x00000248e31b0000, 0x00000248e41b0000)

Polling page: 0x00000248c9c90000

Metaspace:

Usage:
  Non-class:     42.44 MB capacity,    41.55 MB ( 98%) used,   713.90 KB (  2%) free+waste,   193.38 KB ( <1%) overhead. 
      Class:      7.13 MB capacity,     6.50 MB ( 91%) used,   550.34 KB (  8%) free+waste,    94.38 KB (  1%) overhead. 
       Both:     49.57 MB capacity,    48.05 MB ( 97%) used,     1.23 MB (  2%) free+waste,   287.75 KB ( <1%) overhead. 

Virtual space:
  Non-class space:       44.00 MB reserved,      42.58 MB ( 97%) committed 
      Class space:        1.00 GB reserved,       7.25 MB ( <1%) committed 
             Both:        1.04 GB reserved,      49.83 MB (  5%) committed 

Chunk freelists:
   Non-Class:  0 bytes
       Class:  3.63 KB
        Both:  3.63 KB

CodeHeap 'non-profiled nmethods': size=120064Kb used=2731Kb max_used=2731Kb free=117332Kb
 bounds [0x00000248db270000, 0x00000248db520000, 0x00000248e27b0000]
CodeHeap 'profiled nmethods': size=120000Kb used=10597Kb max_used=10597Kb free=109402Kb
 bounds [0x00000248d3d40000, 0x00000248d47a0000, 0x00000248db270000]
CodeHeap 'non-nmethods': size=5696Kb used=1211Kb max_used=1253Kb free=4484Kb
 bounds [0x00000248d37b0000, 0x00000248d3a20000, 0x00000248d3d40000]
 total_blobs=6319 nmethods=4357 adapters=473
 compilation: enabled
              stopped_count=0, restarted_count=0
 full_count=0

Compilation events (10 events):
Event: 56.767 Thread 0x00000248e7d5e000 4626       3       org.springframework.util.StringUtils::changeFirstCharacterCase (64 bytes)
Event: 56.769 Thread 0x00000248e7d5e000 nmethod 4626 0x00000248d4799890 code [0x00000248d4799bc0, 0x00000248d479ae60]
Event: 56.782 Thread 0x00000248e7d5e000 4628       3       org.springframework.core.log.CompositeLog::initLogger (45 bytes)
Event: 56.782 Thread 0x00000248e7d5e000 nmethod 4628 0x00000248d479b590 code [0x00000248d479b7a0, 0x00000248d479be60]
Event: 56.784 Thread 0x00000248e7d5e000 4629       3       com.sun.org.apache.xalan.internal.utils.XMLSecurityManager$NameMap::getOldName (18 bytes)
Event: 56.784 Thread 0x00000248e7d5e000 nmethod 4629 0x00000248d479c010 code [0x00000248d479c1e0, 0x00000248d479c410]
Event: 56.791 Thread 0x00000248e7d5e000 4630       3       jdk.xml.internal.SecuritySupport::getSystemProperty (13 bytes)
Event: 56.792 Thread 0x00000248e7d5e000 nmethod 4630 0x00000248d479c510 code [0x00000248d479c760, 0x00000248d479cfc0]
Event: 56.795 Thread 0x00000248e7d5e000 4631       3       org.springframework.aop.scope.ScopedProxyUtils::isScopedTarget (19 bytes)
Event: 56.796 Thread 0x00000248e7d5e000 nmethod 4631 0x00000248d479d290 code [0x00000248d479d460, 0x00000248d479d6f0]

GC Heap History (10 events):
Event: 49.266 GC heap before
{Heap before GC invocations=18 (full 0):
 garbage-first heap   total 48128K, used 38664K [0x00000000c0000000, 0x0000000100000000)
  region size 1024K, 21 young (21504K), 3 survivors (3072K)
 Metaspace       used 45599K, capacity 46974K, committed 47312K, reserved 1089536K
  class space    used 6136K, capacity 6677K, committed 6784K, reserved 1048576K
}
Event: 49.281 GC heap after
{Heap after GC invocations=19 (full 0):
 garbage-first heap   total 48128K, used 21352K [0x00000000c0000000, 0x0000000100000000)
  region size 1024K, 3 young (3072K), 3 survivors (3072K)
 Metaspace       used 45599K, capacity 46974K, committed 47312K, reserved 1089536K
  class space    used 6136K, capacity 6677K, committed 6784K, reserved 1048576K
}
Event: 50.899 GC heap before
{Heap before GC invocations=19 (full 0):
 garbage-first heap   total 48128K, used 38760K [0x00000000c0000000, 0x0000000100000000)
  region size 1024K, 20 young (20480K), 3 survivors (3072K)
 Metaspace       used 46824K, capacity 48314K, committed 48464K, reserved 1091584K
  class space    used 6308K, capacity 6891K, committed 6912K, reserved 1048576K
}
Event: 50.918 GC heap after
{Heap after GC invocations=20 (full 0):
 garbage-first heap   total 48128K, used 22905K [0x00000000c0000000, 0x0000000100000000)
  region size 1024K, 3 young (3072K), 3 survivors (3072K)
 Metaspace       used 46824K, capacity 48314K, committed 48464K, reserved 1091584K
  class space    used 6308K, capacity 6891K, committed 6912K, reserved 1048576K
}
Event: 52.577 GC heap before
{Heap before GC invocations=20 (full 0):
 garbage-first heap   total 48128K, used 39289K [0x00000000c0000000, 0x0000000100000000)
  region size 1024K, 19 young (19456K), 3 survivors (3072K)
 Metaspace       used 47372K, capacity 48816K, committed 49104K, reserved 1091584K
  class space    used 6378K, capacity 6972K, committed 7040K, reserved 1048576K
}
Event: 52.594 GC heap after
{Heap after GC invocations=21 (full 0):
 garbage-first heap   total 48128K, used 23759K [0x00000000c0000000, 0x0000000100000000)
  region size 1024K, 3 young (3072K), 3 survivors (3072K)
 Metaspace       used 47372K, capacity 48816K, committed 49104K, reserved 1091584K
  class space    used 6378K, capacity 6972K, committed 7040K, reserved 1048576K
}
Event: 54.111 GC heap before
{Heap before GC invocations=21 (full 0):
 garbage-first heap   total 48128K, used 39119K [0x00000000c0000000, 0x0000000100000000)
  region size 1024K, 18 young (18432K), 3 survivors (3072K)
 Metaspace       used 48176K, capacity 49695K, committed 50000K, reserved 1091584K
  class space    used 6503K, capacity 7117K, committed 7168K, reserved 1048576K
}
Event: 54.127 GC heap after
{Heap after GC invocations=22 (full 0):
 garbage-first heap   total 48128K, used 25203K [0x00000000c0000000, 0x0000000100000000)
  region size 1024K, 3 young (3072K), 3 survivors (3072K)
 Metaspace       used 48176K, capacity 49695K, committed 50000K, reserved 1091584K
  class space    used 6503K, capacity 7117K, committed 7168K, reserved 1048576K
}
Event: 55.481 GC heap before
{Heap before GC invocations=22 (full 0):
 garbage-first heap   total 48128K, used 38515K [0x00000000c0000000, 0x0000000100000000)
  region size 1024K, 16 young (16384K), 3 survivors (3072K)
 Metaspace       used 49090K, capacity 50646K, committed 50896K, reserved 1093632K
  class space    used 6626K, capacity 7242K, committed 7296K, reserved 1048576K
}
Event: 55.496 GC heap after
{Heap after GC invocations=23 (full 0):
 garbage-first heap   total 48128K, used 25850K [0x00000000c0000000, 0x0000000100000000)
  region size 1024K, 1 young (1024K), 1 survivors (1024K)
 Metaspace       used 49090K, capacity 50646K, committed 50896K, reserved 1093632K
  class space    used 6626K, capacity 7242K, committed 7296K, reserved 1048576K
}

Deoptimization events (10 events):
Event: 51.416 Thread 0x00000248c9ba5000 Uncommon trap: reason=bimorphic_or_optimized_type_check action=maybe_recompile pc=0x00000248db4c4c80 method=org.springframework.core.annotation.AnnotationsScanner.processClassInheritedAnnotations(Ljava/lang/Object;Ljava/lang/Class;Lorg/springframework/cor
Event: 51.417 Thread 0x00000248c9ba5000 Uncommon trap: reason=bimorphic_or_optimized_type_check action=maybe_recompile pc=0x00000248db4c4c80 method=org.springframework.core.annotation.AnnotationsScanner.processClassInheritedAnnotations(Ljava/lang/Object;Ljava/lang/Class;Lorg/springframework/cor
Event: 51.440 Thread 0x00000248c9ba5000 Uncommon trap: reason=unstable_if action=reinterpret pc=0x00000248db4a2a50 method=org.springframework.core.annotation.AnnotationsScanner.getBaseTypeMethods(Ljava/lang/Object;Ljava/lang/Class;)[Ljava/lang/reflect/Method; @ 104 c2
Event: 52.489 Thread 0x00000248c9ba5000 Uncommon trap: reason=unstable_if action=reinterpret pc=0x00000248db4ce6c8 method=org.springframework.beans.factory.support.AbstractBeanFactory.isTypeMatch(Ljava/lang/String;Lorg/springframework/core/ResolvableType;Z)Z @ 559 c2
Event: 53.369 Thread 0x00000248c9ba5000 Uncommon trap: reason=unstable_if action=reinterpret pc=0x00000248db40a7c8 method=java.util.concurrent.ConcurrentHashMap.putVal(Ljava/lang/Object;Ljava/lang/Object;Z)Ljava/lang/Object; @ 401 c2
Event: 53.395 Thread 0x00000248c9ba5000 Uncommon trap: reason=unstable_if action=reinterpret pc=0x00000248db40f900 method=java.util.concurrent.ConcurrentHashMap.get(Ljava/lang/Object;)Ljava/lang/Object; @ 86 c2
Event: 55.063 Thread 0x00000248c9ba5000 Uncommon trap: reason=unstable_if action=reinterpret pc=0x00000248db4ef704 method=java.util.StringJoiner.toString()Ljava/lang/String; @ 92 c2
Event: 55.476 Thread 0x00000248c9ba5000 Uncommon trap: reason=unstable_if action=reinterpret pc=0x00000248db4b3444 method=org.springframework.core.annotation.AnnotationsScanner.isWithoutHierarchy(Ljava/lang/reflect/AnnotatedElement;Lorg/springframework/core/annotation/MergedAnnotations$SearchSt
Event: 56.512 Thread 0x00000248c9ba5000 Uncommon trap: reason=unstable_if action=reinterpret pc=0x00000248db32990c method=java.util.concurrent.ConcurrentHashMap.transfer([Ljava/util/concurrent/ConcurrentHashMap$Node;[Ljava/util/concurrent/ConcurrentHashMap$Node;)V @ 352 c2
Event: 56.516 Thread 0x00000248c9ba5000 Uncommon trap: reason=unstable_if action=reinterpret pc=0x00000248db31fd60 method=java.util.concurrent.ConcurrentHashMap.transfer([Ljava/util/concurrent/ConcurrentHashMap$Node;[Ljava/util/concurrent/ConcurrentHashMap$Node;)V @ 352 c2

Classes redefined (0 events):
No events

Internal exceptions (10 events):
Event: 56.550 Thread 0x00000248c9ba5000 Exception <a 'java/lang/ClassNotFoundException'{0x00000000c243abd0}: org/springframework/core/OrderedCustomizer> (0x00000000c243abd0) thrown at [t:/workspace/open/src/hotspot/share/classfile/systemDictionary.cpp, line 235]
Event: 56.661 Thread 0x00000248c9ba5000 Exception <a 'java/lang/ClassNotFoundException'{0x00000000c2467348}: java/lang/ObjectCustomizer> (0x00000000c2467348) thrown at [t:/workspace/open/src/hotspot/share/classfile/systemDictionary.cpp, line 235]
Event: 56.662 Thread 0x00000248c9ba5000 Exception <a 'java/lang/ClassNotFoundException'{0x00000000c2480b18}: org/springframework/web/method/support/CompositeUriComponentsContributorCustomizer> (0x00000000c2480b18) thrown at [t:/workspace/open/src/hotspot/share/classfile/systemDictionary.cpp, li
Event: 56.665 Thread 0x00000248c9ba5000 Exception <a 'java/lang/ClassNotFoundException'{0x00000000c249b7d8}: org/springframework/web/method/support/UriComponentsContributorCustomizer> (0x00000000c249b7d8) thrown at [t:/workspace/open/src/hotspot/share/classfile/systemDictionary.cpp, line 235]
Event: 56.668 Thread 0x00000248c9ba5000 Exception <a 'java/lang/ClassNotFoundException'{0x00000000c24a7bb8}: java/lang/ObjectCustomizer> (0x00000000c24a7bb8) thrown at [t:/workspace/open/src/hotspot/share/classfile/systemDictionary.cpp, line 235]
Event: 56.671 Thread 0x00000248c9ba5000 Exception <a 'java/lang/ClassNotFoundException'{0x00000000c24bf8c8}: org/springframework/web/servlet/mvc/HttpRequestHandlerAdapterCustomizer> (0x00000000c24bf8c8) thrown at [t:/workspace/open/src/hotspot/share/classfile/systemDictionary.cpp, line 235]
Event: 56.677 Thread 0x00000248c9ba5000 Exception <a 'java/lang/ClassNotFoundException'{0x00000000c24d4f48}: org/springframework/web/servlet/HandlerAdapterCustomizer> (0x00000000c24d4f48) thrown at [t:/workspace/open/src/hotspot/share/classfile/systemDictionary.cpp, line 235]
Event: 56.765 Thread 0x00000248c9ba5000 Exception <a 'java/lang/ClassNotFoundException'{0x00000000c24df608}: java/lang/ObjectCustomizer> (0x00000000c24df608) thrown at [t:/workspace/open/src/hotspot/share/classfile/systemDictionary.cpp, line 235]
Event: 56.766 Thread 0x00000248c9ba5000 Exception <a 'java/lang/ClassNotFoundException'{0x00000000c24f8048}: org/springframework/web/servlet/mvc/SimpleControllerHandlerAdapterCustomizer> (0x00000000c24f8048) thrown at [t:/workspace/open/src/hotspot/share/classfile/systemDictionary.cpp, line 235
Event: 56.779 Thread 0x00000248c9ba5000 Exception <a 'java/lang/ClassNotFoundException'{0x00000000c230d968}: org/springframework/web/servlet/HandlerAdapterCustomizer> (0x00000000c230d968) thrown at [t:/workspace/open/src/hotspot/share/classfile/systemDictionary.cpp, line 235]

Events (10 events):
Event: 56.777 loading class org/springframework/web/servlet/HandlerAdapterCustomizer
Event: 56.777 loading class org/springframework/web/servlet/HandlerAdapterCustomizer done
Event: 56.779 loading class org/springframework/web/servlet/HandlerAdapterCustomizer
Event: 56.779 loading class org/springframework/web/servlet/HandlerAdapterCustomizer done
Event: 56.792 loading class org/joda/time/YearMonth
Event: 56.792 loading class org/joda/time/YearMonth done
Event: 56.794 loading class org/joda/time$YearMonth
Event: 56.794 loading class org/joda/time$YearMonth done
Event: 56.800 loading class org/springframework/web/servlet/mvc/annotation/ResponseStatusExceptionResolver
Event: 56.800 loading class org/springframework/web/servlet/mvc/annotation/ResponseStatusExceptionResolver done


Dynamic libraries:
0x00007ff793a00000 - 0x00007ff793a0f000 	C:\Program Files\Java\jdk-12.0.2\bin\java.exe
0x00007ffcefdb0000 - 0x00007ffceffa5000 	C:\WINDOWS\SYSTEM32\ntdll.dll
0x00007ffcef880000 - 0x00007ffcef93d000 	C:\WINDOWS\System32\KERNEL32.DLL
0x00007ffced5d0000 - 0x00007ffced898000 	C:\WINDOWS\System32\KERNELBASE.dll
0x00007ffcedab0000 - 0x00007ffcedbb0000 	C:\WINDOWS\System32\ucrtbase.dll
0x00007ffcdcb00000 - 0x00007ffcdcb18000 	C:\Program Files\Java\jdk-12.0.2\bin\jli.dll
0x00007ffcef7d0000 - 0x00007ffcef87c000 	C:\WINDOWS\System32\ADVAPI32.dll
0x00007ffcef350000 - 0x00007ffcef3ee000 	C:\WINDOWS\System32\msvcrt.dll
0x00007ffcefae0000 - 0x00007ffcefb7b000 	C:\WINDOWS\System32\sechost.dll
0x00007ffceeb70000 - 0x00007ffceec9b000 	C:\WINDOWS\System32\RPCRT4.dll
0x00007ffcee7b0000 - 0x00007ffcee950000 	C:\WINDOWS\System32\USER32.dll
0x00007ffced4f0000 - 0x00007ffced512000 	C:\WINDOWS\System32\win32u.dll
0x00007ffcef940000 - 0x00007ffcef96a000 	C:\WINDOWS\System32\GDI32.dll
0x00007ffcedd00000 - 0x00007ffcede0b000 	C:\WINDOWS\System32\gdi32full.dll
0x00007ffcedc60000 - 0x00007ffcedcfd000 	C:\WINDOWS\System32\msvcp_win.dll
0x00007ffcdca70000 - 0x00007ffcdca86000 	C:\Program Files\Java\jdk-12.0.2\bin\VCRUNTIME140.dll
0x00007ffcc98e0000 - 0x00007ffcc9b7a000 	C:\WINDOWS\WinSxS\amd64_microsoft.windows.common-controls_6595b64144ccf1df_6.0.19041.844_none_ca00b6081b84eb1d\COMCTL32.dll
0x00007ffce6760000 - 0x00007ffce676a000 	C:\WINDOWS\SYSTEM32\VERSION.dll
0x00007ffceed10000 - 0x00007ffceed40000 	C:\WINDOWS\System32\IMM32.DLL
0x00007ffcccda0000 - 0x00007ffccce4a000 	C:\Program Files\Java\jdk-12.0.2\bin\msvcp140.dll
0x00007ffc808d0000 - 0x00007ffc81447000 	C:\Program Files\Java\jdk-12.0.2\bin\server\jvm.dll
0x00007ffceedd0000 - 0x00007ffceedd8000 	C:\WINDOWS\System32\PSAPI.DLL
0x00007ffcc7800000 - 0x00007ffcc7809000 	C:\WINDOWS\SYSTEM32\WSOCK32.dll
0x00007ffceeca0000 - 0x00007ffceed0b000 	C:\WINDOWS\System32\WS2_32.dll
0x00007ffce6730000 - 0x00007ffce6757000 	C:\WINDOWS\SYSTEM32\WINMM.dll
0x00007ffceb460000 - 0x00007ffceb472000 	C:\WINDOWS\SYSTEM32\kernel.appcore.dll
0x00007ffcdc880000 - 0x00007ffcdc891000 	C:\Program Files\Java\jdk-12.0.2\bin\verify.dll
0x00007ffce16c0000 - 0x00007ffce18a4000 	C:\WINDOWS\SYSTEM32\DBGHELP.DLL
0x00007ffcdfd40000 - 0x00007ffcdfd6c000 	C:\WINDOWS\SYSTEM32\dbgcore.DLL
0x00007ffceda00000 - 0x00007ffceda80000 	C:\WINDOWS\System32\bcryptPrimitives.dll
0x00007ffcdb340000 - 0x00007ffcdb366000 	C:\Program Files\Java\jdk-12.0.2\bin\java.dll
0x00007ffcdbad0000 - 0x00007ffcdbae7000 	C:\Program Files\Java\jdk-12.0.2\bin\zip.dll
0x00007ffce21b0000 - 0x00007ffce21ba000 	C:\Program Files\Java\jdk-12.0.2\bin\jimage.dll
0x00007ffcee060000 - 0x00007ffcee7a2000 	C:\WINDOWS\System32\SHELL32.dll
0x00007ffceb660000 - 0x00007ffcebdf0000 	C:\WINDOWS\SYSTEM32\windows.storage.dll
0x00007ffcef3f0000 - 0x00007ffcef745000 	C:\WINDOWS\System32\combase.dll
0x00007ffcecf60000 - 0x00007ffcecf8c000 	C:\WINDOWS\SYSTEM32\Wldp.dll
0x00007ffcefa30000 - 0x00007ffcefade000 	C:\WINDOWS\System32\SHCORE.dll
0x00007ffcedf30000 - 0x00007ffcedf85000 	C:\WINDOWS\System32\shlwapi.dll
0x00007ffced430000 - 0x00007ffced44f000 	C:\WINDOWS\SYSTEM32\profapi.dll
0x00007ffcda560000 - 0x00007ffcda579000 	C:\Program Files\Java\jdk-12.0.2\bin\net.dll
0x00007ffcddcd0000 - 0x00007ffcddddb000 	C:\WINDOWS\SYSTEM32\WINHTTP.dll
0x00007ffce18b0000 - 0x00007ffce1a9e000 	C:\WINDOWS\SYSTEM32\urlmon.dll
0x00007ffce5580000 - 0x00007ffce5830000 	C:\WINDOWS\SYSTEM32\iertutil.dll
0x00007ffceccd0000 - 0x00007ffcecd3a000 	C:\WINDOWS\system32\mswsock.dll
0x00007ffcda540000 - 0x00007ffcda553000 	C:\Program Files\Java\jdk-12.0.2\bin\nio.dll
0x00007ffcdf8c0000 - 0x00007ffcdf8c9000 	C:\Program Files\Java\jdk-12.0.2\bin\management.dll
0x00007ffcdf8b0000 - 0x00007ffcdf8bc000 	C:\Program Files\Java\jdk-12.0.2\bin\management_ext.dll
0x00007ffcdd740000 - 0x00007ffcdd757000 	C:\WINDOWS\system32\napinsp.dll
0x00007ffcdd590000 - 0x00007ffcdd5ab000 	C:\WINDOWS\system32\pnrpnsp.dll
0x00007ffccd450000 - 0x00007ffccd465000 	C:\WINDOWS\system32\wshbth.dll
0x00007ffce8f60000 - 0x00007ffce8f7d000 	C:\WINDOWS\system32\NLAapi.dll
0x00007ffcec970000 - 0x00007ffcec9ab000 	C:\WINDOWS\SYSTEM32\IPHLPAPI.DLL
0x00007ffcec9c0000 - 0x00007ffceca8c000 	C:\WINDOWS\SYSTEM32\DNSAPI.dll
0x00007ffcee950000 - 0x00007ffcee958000 	C:\WINDOWS\System32\NSI.dll
0x00007ffcdd570000 - 0x00007ffcdd582000 	C:\WINDOWS\System32\winrnr.dll
0x00007ffccb0d0000 - 0x00007ffccb0da000 	C:\Windows\System32\rasadhlp.dll
0x00007ffccb9c0000 - 0x00007ffccba3f000 	C:\WINDOWS\System32\fwpuclnt.dll
0x00007ffceda80000 - 0x00007ffcedaa7000 	C:\WINDOWS\System32\bcrypt.dll
0x00007ffceceb0000 - 0x00007ffcecec8000 	C:\WINDOWS\SYSTEM32\CRYPTSP.dll
0x00007ffcec600000 - 0x00007ffcec634000 	C:\WINDOWS\system32\rsaenh.dll
0x00007ffced3f0000 - 0x00007ffced41e000 	C:\WINDOWS\SYSTEM32\USERENV.dll
0x00007ffcecea0000 - 0x00007ffceceac000 	C:\WINDOWS\SYSTEM32\CRYPTBASE.dll
0x00007ffce5d60000 - 0x00007ffce5d77000 	C:\WINDOWS\SYSTEM32\dhcpcsvc6.DLL
0x00007ffce65e0000 - 0x00007ffce65fd000 	C:\WINDOWS\SYSTEM32\dhcpcsvc.DLL

dbghelp: loaded successfully - version: 4.0.5 - missing functions: none
symbol engine: initialized successfully - sym options: 0x614 - pdb path: .;C:\Program Files\Java\jdk-12.0.2\bin;C:\WINDOWS\SYSTEM32;C:\WINDOWS\WinSxS\amd64_microsoft.windows.common-controls_6595b64144ccf1df_6.0.19041.844_none_ca00b6081b84eb1d;C:\Program Files\Java\jdk-12.0.2\bin\server

VM Arguments:
java_command: C:\Users\46AD~1\AppData\Local\Temp\surefire10807703525409322878\surefirebooter12110931330689379014.jar C:\Users\Влад\AppData\Local\Temp\surefire10807703525409322878 2021-05-20T14-21-25_093-jvmRun1 surefire15518991869520760079tmp surefire_02730637929548536001tmp
java_class_path (initial): C:\Users\46AD~1\AppData\Local\Temp\surefire10807703525409322878\surefirebooter12110931330689379014.jar
Launcher Type: SUN_STANDARD

[Global flags]
     intx CICompilerCount                          = 2                                         {product} {ergonomic}
     uint ConcGCThreads                            = 1                                         {product} {ergonomic}
     uint G1ConcRefinementThreads                  = 2                                         {product} {ergonomic}
   size_t G1HeapRegionSize                         = 1048576                                   {product} {ergonomic}
    uintx GCDrainStackTargetSize                   = 64                                        {product} {ergonomic}
   size_t InitialHeapSize                          = 67108864                                  {product} {ergonomic}
   size_t MarkStackSize                            = 4194304                                   {product} {ergonomic}
   size_t MaxHeapSize                              = 1073741824                                {product} {ergonomic}
   size_t MaxNewSize                               = 643825664                                 {product} {ergonomic}
   size_t MinHeapDeltaBytes                        = 1048576                                   {product} {ergonomic}
    uintx NonNMethodCodeHeapSize                   = 5825164                                {pd product} {ergonomic}
    uintx NonProfiledCodeHeapSize                  = 122916538                              {pd product} {ergonomic}
    uintx ProfiledCodeHeapSize                     = 122916538                              {pd product} {ergonomic}
    uintx ReservedCodeCacheSize                    = 251658240                              {pd product} {ergonomic}
     bool SegmentedCodeCache                       = true                                      {product} {ergonomic}
     bool UseCompressedClassPointers               = true                                 {lp64_product} {ergonomic}
     bool UseCompressedOops                        = true                                 {lp64_product} {ergonomic}
     bool UseG1GC                                  = true                                      {product} {ergonomic}
     bool UseLargePagesIndividualAllocation        = false                                  {pd product} {ergonomic}

Logging:
Log output configuration:
 #0: stdout all=warning uptime,level,tags
 #1: stderr all=off uptime,level,tags

Environment Variables:
JAVA_HOME=C:\Program Files\Java\jdk1.8.0_144
PATH=C:\Program Files (x86)\NVIDIA Corporation\PhysX\Common;C:\ProgramData\Oracle\Java\javapath;C:\Program Files (x86)\Common Files\Oracle\Java\javapath;C:\Program Files\Java\jdk1.8.0_144\bin;D:\Git\cmd;C:\WINDOWS\system32;C:\WINDOWS;C:\WINDOWS\System32\Wbem;C:\WINDOWS\System32\WindowsPowerShell\v1.0\;C:\WINDOWS\System32\OpenSSH\;C:\Users\Влад\AppData\Local\Microsoft\WindowsApps;;D:\JetBrains\IntelliJ IDEA Community Edition 2019.2.2\bin;;D:\JetBrains\IntelliJ IDEA 2019.2.3\bin;
USERNAME=Влад
OS=Windows_NT
PROCESSOR_IDENTIFIER=Intel64 Family 6 Model 15 Stepping 13, GenuineIntel



---------------  S Y S T E M  ---------------

OS: Windows 10 , 64 bit Build 19041 (10.0.19041.928)

CPU:total 2 (initial active 2) (2 cores per cpu, 1 threads per core) family 6 model 15 stepping 13, cmov, cx8, fxsr, mmx, sse, sse2, sse3, ssse3, tsc

Memory: 4k page, system-wide physical 4094M (295M free)
TotalPageFile size 10331M (AvailPageFile size 4M)
current process WorkingSet (physical memory assigned to process): 194M, peak: 199M
current process commit charge ("private bytes"): 219M, peak: 219M

vm_info: Java HotSpot(TM) 64-Bit Server VM (12.0.2+10) for windows-amd64 JRE (12.0.2+10), built on Jul 16 2019 01:56:17 by "mach5one" with MS VC++ 15.5 (VS2017)

END.
