#
# There is insufficient memory for the Java Runtime Environment to continue.
# Native memory allocation (malloc) failed to allocate 32744 bytes for ChunkPool::allocate
# Possible reasons:
#   The system is out of physical RAM or swap space
#   In 32 bit mode, the process size limit was hit
# Possible solutions:
#   Reduce memory load on the system
#   Increase physical memory or swap space
#   Check if swap backing store is full
#   Use 64 bit Java on a 64 bit OS
#   Decrease Java heap size (-Xmx/-Xms)
#   Decrease number of Java threads
#   Decrease Java thread stack sizes (-Xss)
#   Set larger code cache with -XX:ReservedCodeCacheSize=
# This output file may be truncated or incomplete.
#
#  Out of Memory Error (allocation.cpp:273), pid=13004, tid=0x0000000000002d74
#
# JRE version: Java(TM) SE Runtime Environment (8.0_144-b01) (build 1.8.0_144-b01)
# Java VM: Java HotSpot(TM) 64-Bit Server VM (25.144-b01 mixed mode windows-amd64 compressed oops)
# Failed to write core dump. Minidumps are not enabled by default on client versions of Windows
#

---------------  T H R E A D  ---------------

Current thread (0x0000000016578000):  JavaThread "C1 CompilerThread1" daemon [_thread_in_native, id=11636, stack(0x0000000016850000,0x0000000016950000)]

Stack: [0x0000000016850000,0x0000000016950000]
[error occurred during error reporting (printing stack bounds), id 0xc0000005]

Native frames: (J=compiled Java code, j=interpreted, Vv=VM code, C=native code)


Current CompileTask:
C1:  17031 3006       1       sun.misc.ProxyGenerator$ProxyMethod::generateMethod (733 bytes)


---------------  P R O C E S S  ---------------

Java Threads: ( => current thread )
  0x0000000018788000 JavaThread "container-0" [_thread_blocked, id=11772, stack(0x0000000019eb0000,0x0000000019fb0000)]
  0x0000000018665000 JavaThread "Catalina-utility-2" [_thread_blocked, id=14252, stack(0x0000000019db0000,0x0000000019eb0000)]
  0x0000000016e3b000 JavaThread "Catalina-utility-1" [_thread_blocked, id=12764, stack(0x0000000019cb0000,0x0000000019db0000)]
  0x0000000018576800 JavaThread "RMI Scheduler(0)" daemon [_thread_blocked, id=6904, stack(0x0000000017de0000,0x0000000017ee0000)]
  0x00000000172c0000 JavaThread "RMI TCP Connection(1)-192.168.0.104" daemon [_thread_in_native, id=7428, stack(0x0000000017790000,0x0000000017890000)]
  0x0000000016fa3000 JavaThread "RMI TCP Accept-0" daemon [_thread_in_native, id=12068, stack(0x0000000017590000,0x0000000017690000)]
  0x00000000165ef800 JavaThread "Service Thread" daemon [_thread_blocked, id=5068, stack(0x0000000016950000,0x0000000016a50000)]
=>0x0000000016578000 JavaThread "C1 CompilerThread1" daemon [_thread_in_native, id=11636, stack(0x0000000016850000,0x0000000016950000)]
  0x0000000016576000 JavaThread "C2 CompilerThread0" daemon [_thread_blocked, id=6120, stack(0x0000000016750000,0x0000000016850000)]
  0x0000000016590800 JavaThread "Monitor Ctrl-Break" daemon [_thread_in_native, id=1596, stack(0x0000000016650000,0x0000000016750000)]
  0x000000001520a800 JavaThread "Attach Listener" daemon [_thread_blocked, id=9160, stack(0x0000000016150000,0x0000000016250000)]
  0x0000000015207000 JavaThread "Signal Dispatcher" daemon [_thread_blocked, id=11036, stack(0x0000000016050000,0x0000000016150000)]
  0x0000000002d6b800 JavaThread "Finalizer" daemon [_thread_blocked, id=12604, stack(0x0000000015e40000,0x0000000015f40000)]
  0x0000000002d61800 JavaThread "Reference Handler" daemon [_thread_blocked, id=516, stack(0x0000000015d40000,0x0000000015e40000)]
  0x0000000002c76000 JavaThread "main" [_thread_in_vm, id=8468, stack(0x0000000002a70000,0x0000000002b70000)]

Other Threads:
  0x00000000151c6000 VMThread [stack: 0x0000000015c40000,0x0000000015d40000] [id=6760]
  0x0000000016fa6800 WatcherThread [stack: 0x0000000017690000,0x0000000017790000] [id=5368]

VM state:not at safepoint (normal execution)

VM Mutex/Monitor currently owned by a thread: None

Heap:
 PSYoungGen      total 135680K, used 46296K [0x00000000eab00000, 0x00000000f3600000, 0x0000000100000000)
  eden space 129024K, 30% used [0x00000000eab00000,0x00000000ed1b79e8,0x00000000f2900000)
  from space 6656K, 99% used [0x00000000f2900000,0x00000000f2f7e858,0x00000000f2f80000)
  to   space 6656K, 0% used [0x00000000f2f80000,0x00000000f2f80000,0x00000000f3600000)
 ParOldGen       total 28160K, used 9880K [0x00000000c0000000, 0x00000000c1b80000, 0x00000000eab00000)
  object space 28160K, 35% used [0x00000000c0000000,0x00000000c09a63f0,0x00000000c1b80000)
 Metaspace       used 29883K, capacity 31764K, committed 31872K, reserved 1077248K
  class space    used 4103K, capacity 4479K, committed 4480K, reserved 1048576K

Card table byte_map: [0x0000000012130000,0x0000000012340000] byte_map_base: 0x0000000011b30000

Marking Bits: (ParMarkBitMap*) 0x0000000067fcd850
 Begin Bits: [0x00000000126a0000, 0x00000000136a0000)
 End Bits:   [0x00000000136a0000, 0x00000000146a0000)

Polling page: 0x0000000000f80000

CodeCache: size=245760Kb used=5939Kb max_used=5939Kb free=239820Kb
 bounds [0x0000000002d70000, 0x0000000003340000, 0x0000000011d70000]
 total_blobs=3388 nmethods=2981 adapters=321
 compilation: enabled

Compilation events (10 events):
Event: 16.556 Thread 0x0000000016578000 nmethod 3000 0x000000000333a210 code [0x000000000333a380, 0x000000000333a628]
Event: 16.556 Thread 0x0000000016578000 2999       1       java.io.ObjectInputStream$HandleTable::assign (48 bytes)
Event: 16.557 Thread 0x0000000016578000 nmethod 2999 0x000000000333a810 code [0x000000000333a980, 0x000000000333aba8]
Event: 16.557 Thread 0x0000000016578000 3001   !   1       java.io.ObjectOutputStream::writeObject (38 bytes)
Event: 16.557 Thread 0x0000000016578000 nmethod 3001 0x000000000333ad50 code [0x000000000333aec0, 0x000000000333b078]
Event: 17.014 Thread 0x0000000016578000 3002       1       java.lang.Class::getDeclaredMethods (18 bytes)
Event: 17.015 Thread 0x0000000016578000 nmethod 3002 0x000000000333b150 code [0x000000000333b2e0, 0x000000000333b478]
Event: 17.015 Thread 0x0000000016578000 3003       1       sun.misc.ProxyGenerator::checkReturnTypes (295 bytes)
Event: 17.017 Thread 0x0000000016578000 nmethod 3003 0x000000000333b550 code [0x000000000333b8a0, 0x000000000333c5c8]
Event: 17.017 Thread 0x0000000016578000 3006       1       sun.misc.ProxyGenerator$ProxyMethod::generateMethod (733 bytes)

GC Heap History (10 events):
Event: 8.124 GC heap before
{Heap before GC invocations=6 (full 0):
 PSYoungGen      total 35328K, used 35304K [0x00000000eab00000, 0x00000000ef600000, 0x0000000100000000)
  eden space 32768K, 100% used [0x00000000eab00000,0x00000000ecb00000,0x00000000ecb00000)
  from space 2560K, 99% used [0x00000000ecb00000,0x00000000ecd7a390,0x00000000ecd80000)
  to   space 5632K, 0% used [0x00000000ef080000,0x00000000ef080000,0x00000000ef600000)
 ParOldGen       total 44032K, used 5039K [0x00000000c0000000, 0x00000000c2b00000, 0x00000000eab00000)
  object space 44032K, 11% used [0x00000000c0000000,0x00000000c04ebff0,0x00000000c2b00000)
 Metaspace       used 17632K, capacity 18402K, committed 18688K, reserved 1064960K
  class space    used 2310K, capacity 2518K, committed 2560K, reserved 1048576K
Event: 8.218 GC heap after
Heap after GC invocations=6 (full 0):
 PSYoungGen      total 70144K, used 5620K [0x00000000eab00000, 0x00000000ef800000, 0x0000000100000000)
  eden space 64512K, 0% used [0x00000000eab00000,0x00000000eab00000,0x00000000eea00000)
  from space 5632K, 99% used [0x00000000ef080000,0x00000000ef5fd040,0x00000000ef600000)
  to   space 6656K, 0% used [0x00000000eea00000,0x00000000eea00000,0x00000000ef080000)
 ParOldGen       total 44032K, used 5735K [0x00000000c0000000, 0x00000000c2b00000, 0x00000000eab00000)
  object space 44032K, 13% used [0x00000000c0000000,0x00000000c0599c88,0x00000000c2b00000)
 Metaspace       used 17632K, capacity 18402K, committed 18688K, reserved 1064960K
  class space    used 2310K, capacity 2518K, committed 2560K, reserved 1048576K
}
Event: 10.676 GC heap before
{Heap before GC invocations=7 (full 0):
 PSYoungGen      total 70144K, used 70132K [0x00000000eab00000, 0x00000000ef800000, 0x0000000100000000)
  eden space 64512K, 100% used [0x00000000eab00000,0x00000000eea00000,0x00000000eea00000)
  from space 5632K, 99% used [0x00000000ef080000,0x00000000ef5fd040,0x00000000ef600000)
  to   space 6656K, 0% used [0x00000000eea00000,0x00000000eea00000,0x00000000ef080000)
 ParOldGen       total 44032K, used 5735K [0x00000000c0000000, 0x00000000c2b00000, 0x00000000eab00000)
  object space 44032K, 13% used [0x00000000c0000000,0x00000000c0599c88,0x00000000c2b00000)
 Metaspace       used 19516K, capacity 20416K, committed 20480K, reserved 1067008K
  class space    used 2589K, capacity 2799K, committed 2816K, reserved 1048576K
Event: 10.734 GC heap after
Heap after GC invocations=7 (full 0):
 PSYoungGen      total 71168K, used 5004K [0x00000000eab00000, 0x00000000f3600000, 0x0000000100000000)
  eden space 64512K, 0% used [0x00000000eab00000,0x00000000eab00000,0x00000000eea00000)
  from space 6656K, 75% used [0x00000000eea00000,0x00000000eeee3090,0x00000000ef080000)
  to   space 6656K, 0% used [0x00000000f2f80000,0x00000000f2f80000,0x00000000f3600000)
 ParOldGen       total 44032K, used 7217K [0x00000000c0000000, 0x00000000c2b00000, 0x00000000eab00000)
  object space 44032K, 16% used [0x00000000c0000000,0x00000000c070c4e0,0x00000000c2b00000)
 Metaspace       used 19516K, capacity 20416K, committed 20480K, reserved 1067008K
  class space    used 2589K, capacity 2799K, committed 2816K, reserved 1048576K
}
Event: 11.714 GC heap before
{Heap before GC invocations=8 (full 0):
 PSYoungGen      total 71168K, used 27823K [0x00000000eab00000, 0x00000000f3600000, 0x0000000100000000)
  eden space 64512K, 35% used [0x00000000eab00000,0x00000000ec148dc0,0x00000000eea00000)
  from space 6656K, 75% used [0x00000000eea00000,0x00000000eeee3090,0x00000000ef080000)
  to   space 6656K, 0% used [0x00000000f2f80000,0x00000000f2f80000,0x00000000f3600000)
 ParOldGen       total 44032K, used 7217K [0x00000000c0000000, 0x00000000c2b00000, 0x00000000eab00000)
  object space 44032K, 16% used [0x00000000c0000000,0x00000000c070c4e0,0x00000000c2b00000)
 Metaspace       used 20238K, capacity 21210K, committed 21296K, reserved 1067008K
  class space    used 2695K, capacity 2914K, committed 2944K, reserved 1048576K
Event: 11.738 GC heap after
Heap after GC invocations=8 (full 0):
 PSYoungGen      total 135680K, used 3635K [0x00000000eab00000, 0x00000000f3600000, 0x0000000100000000)
  eden space 129024K, 0% used [0x00000000eab00000,0x00000000eab00000,0x00000000f2900000)
  from space 6656K, 54% used [0x00000000f2f80000,0x00000000f330ced8,0x00000000f3600000)
  to   space 6656K, 0% used [0x00000000f2900000,0x00000000f2900000,0x00000000f2f80000)
 ParOldGen       total 44032K, used 8164K [0x00000000c0000000, 0x00000000c2b00000, 0x00000000eab00000)
  object space 44032K, 18% used [0x00000000c0000000,0x00000000c07f9330,0x00000000c2b00000)
 Metaspace       used 20238K, capacity 21210K, committed 21296K, reserved 1067008K
  class space    used 2695K, capacity 2914K, committed 2944K, reserved 1048576K
}
Event: 11.738 GC heap before
{Heap before GC invocations=9 (full 1):
 PSYoungGen      total 135680K, used 3635K [0x00000000eab00000, 0x00000000f3600000, 0x0000000100000000)
  eden space 129024K, 0% used [0x00000000eab00000,0x00000000eab00000,0x00000000f2900000)
  from space 6656K, 54% used [0x00000000f2f80000,0x00000000f330ced8,0x00000000f3600000)
  to   space 6656K, 0% used [0x00000000f2900000,0x00000000f2900000,0x00000000f2f80000)
 ParOldGen       total 44032K, used 8164K [0x00000000c0000000, 0x00000000c2b00000, 0x00000000eab00000)
  object space 44032K, 18% used [0x00000000c0000000,0x00000000c07f9330,0x00000000c2b00000)
 Metaspace       used 20238K, capacity 21210K, committed 21296K, reserved 1067008K
  class space    used 2695K, capacity 2914K, committed 2944K, reserved 1048576K
Event: 11.876 GC heap after
Heap after GC invocations=9 (full 1):
 PSYoungGen      total 135680K, used 0K [0x00000000eab00000, 0x00000000f3600000, 0x0000000100000000)
  eden space 129024K, 0% used [0x00000000eab00000,0x00000000eab00000,0x00000000f2900000)
  from space 6656K, 0% used [0x00000000f2f80000,0x00000000f2f80000,0x00000000f3600000)
  to   space 6656K, 0% used [0x00000000f2900000,0x00000000f2900000,0x00000000f2f80000)
 ParOldGen       total 28160K, used 7438K [0x00000000c0000000, 0x00000000c1b80000, 0x00000000eab00000)
  object space 28160K, 26% used [0x00000000c0000000,0x00000000c0743a30,0x00000000c1b80000)
 Metaspace       used 20238K, capacity 21210K, committed 21296K, reserved 1067008K
  class space    used 2695K, capacity 2914K, committed 2944K, reserved 1048576K
}
Event: 15.198 GC heap before
{Heap before GC invocations=10 (full 1):
 PSYoungGen      total 135680K, used 129024K [0x00000000eab00000, 0x00000000f3600000, 0x0000000100000000)
  eden space 129024K, 100% used [0x00000000eab00000,0x00000000f2900000,0x00000000f2900000)
  from space 6656K, 0% used [0x00000000f2f80000,0x00000000f2f80000,0x00000000f3600000)
  to   space 6656K, 0% used [0x00000000f2900000,0x00000000f2900000,0x00000000f2f80000)
 ParOldGen       total 28160K, used 7438K [0x00000000c0000000, 0x00000000c1b80000, 0x00000000eab00000)
  object space 28160K, 26% used [0x00000000c0000000,0x00000000c0743a30,0x00000000c1b80000)
 Metaspace       used 26325K, capacity 28150K, committed 28288K, reserved 1073152K
  class space    used 3589K, capacity 3940K, committed 3968K, reserved 1048576K
Event: 15.233 GC heap after
Heap after GC invocations=10 (full 1):
 PSYoungGen      total 135680K, used 6650K [0x00000000eab00000, 0x00000000f3600000, 0x0000000100000000)
  eden space 129024K, 0% used [0x00000000eab00000,0x00000000eab00000,0x00000000f2900000)
  from space 6656K, 99% used [0x00000000f2900000,0x00000000f2f7e858,0x00000000f2f80000)
  to   space 6656K, 0% used [0x00000000f2f80000,0x00000000f2f80000,0x00000000f3600000)
 ParOldGen       total 28160K, used 9880K [0x00000000c0000000, 0x00000000c1b80000, 0x00000000eab00000)
  object space 28160K, 35% used [0x00000000c0000000,0x00000000c09a63f0,0x00000000c1b80000)
 Metaspace       used 26325K, capacity 28150K, committed 28288K, reserved 1073152K
  class space    used 3589K, capacity 3940K, committed 3968K, reserved 1048576K
}

Deoptimization events (0 events):
No events

Internal exceptions (10 events):
Event: 15.304 Thread 0x0000000002c76000 Exception <a 'java/io/FileNotFoundException'> (0x00000000eac966e0) thrown at [C:\re\workspace\8-2-build-windows-amd64-cygwin\jdk8u144\9417\hotspot\src\share\vm\prims\jni.cpp, line 709]
Event: 15.523 Thread 0x00000000172c0000 Exception <a 'java/lang/reflect/InvocationTargetException'> (0x00000000eb2934a0) thrown at [C:\re\workspace\8-2-build-windows-amd64-cygwin\jdk8u144\9417\hotspot\src\share\vm\runtime\reflection.cpp, line 1092]
Event: 15.545 Thread 0x0000000002c76000 Exception <a 'java/io/FileNotFoundException'> (0x00000000eb23af00) thrown at [C:\re\workspace\8-2-build-windows-amd64-cygwin\jdk8u144\9417\hotspot\src\share\vm\prims\jni.cpp, line 709]
Event: 15.803 Thread 0x0000000002c76000 Exception <a 'java/lang/NoSuchMethodError': java.lang.Object.lambda$static$0(Ljava/lang/Object;)Ljava/lang/Object;> (0x00000000eb66be48) thrown at [C:\re\workspace\8-2-build-windows-amd64-cygwin\jdk8u144\9417\hotspot\src\share\vm\interpreter\linkResolver.
Event: 15.935 Thread 0x0000000002c76000 Exception <a 'java/lang/ArrayIndexOutOfBoundsException'> (0x00000000eb786cc0) thrown at [C:\re\workspace\8-2-build-windows-amd64-cygwin\jdk8u144\9417\hotspot\src\share\vm\runtime\sharedRuntime.cpp, line 605]
Event: 16.023 Thread 0x0000000002c76000 Exception <a 'java/lang/ArrayIndexOutOfBoundsException'> (0x00000000eb830388) thrown at [C:\re\workspace\8-2-build-windows-amd64-cygwin\jdk8u144\9417\hotspot\src\share\vm\runtime\sharedRuntime.cpp, line 605]
Event: 16.037 Thread 0x0000000002c76000 Exception <a 'java/lang/ArrayIndexOutOfBoundsException'> (0x00000000eb871f88) thrown at [C:\re\workspace\8-2-build-windows-amd64-cygwin\jdk8u144\9417\hotspot\src\share\vm\runtime\sharedRuntime.cpp, line 605]
Event: 16.043 Thread 0x00000000172c0000 Exception <a 'java/lang/reflect/InvocationTargetException'> (0x00000000eb2a1ae8) thrown at [C:\re\workspace\8-2-build-windows-amd64-cygwin\jdk8u144\9417\hotspot\src\share\vm\runtime\reflection.cpp, line 1092]
Event: 16.046 Thread 0x0000000002c76000 Exception <a 'java/lang/ArrayIndexOutOfBoundsException'> (0x00000000eb8986e8) thrown at [C:\re\workspace\8-2-build-windows-amd64-cygwin\jdk8u144\9417\hotspot\src\share\vm\runtime\sharedRuntime.cpp, line 605]
Event: 16.556 Thread 0x00000000172c0000 Exception <a 'java/lang/reflect/InvocationTargetException'> (0x00000000eb2af430) thrown at [C:\re\workspace\8-2-build-windows-amd64-cygwin\jdk8u144\9417\hotspot\src\share\vm\runtime\reflection.cpp, line 1092]

Events (10 events):
Event: 17.014 loading class net/bytebuddy/implementation/bind/annotation/RuntimeType
Event: 17.014 loading class net/bytebuddy/implementation/bind/annotation/RuntimeType done
Event: 17.016 loading class net/bytebuddy/implementation/bind/annotation/IgnoreForBinding
Event: 17.016 loading class net/bytebuddy/implementation/bind/annotation/IgnoreForBinding done
Event: 17.017 loading class net/bytebuddy/description/annotation/AnnotationDescription$ForLoadedAnnotation
Event: 17.017 loading class net/bytebuddy/description/annotation/AnnotationDescription$ForLoadedAnnotation done
Event: 17.021 loading class net/bytebuddy/description/annotation/AnnotationDescription$Loadable
Event: 17.021 loading class net/bytebuddy/description/annotation/AnnotationDescription$Loadable done
Event: 17.023 loading class net/bytebuddy/description/annotation/AnnotationDescription
Event: 17.023 loading class net/bytebuddy/description/annotation/AnnotationDescription done


Dynamic libraries:
0x00007ff69c0f0000 - 0x00007ff69c127000 	C:\Program Files\Java\jdk1.8.0_144\bin\java.exe
0x00007ffcefdb0000 - 0x00007ffceffa5000 	C:\WINDOWS\SYSTEM32\ntdll.dll
0x00007ffcef880000 - 0x00007ffcef93d000 	C:\WINDOWS\System32\KERNEL32.DLL
0x00007ffced5d0000 - 0x00007ffced898000 	C:\WINDOWS\System32\KERNELBASE.dll
0x00007ffcef7d0000 - 0x00007ffcef87c000 	C:\WINDOWS\System32\ADVAPI32.dll
0x00007ffcef350000 - 0x00007ffcef3ee000 	C:\WINDOWS\System32\msvcrt.dll
0x00007ffcefae0000 - 0x00007ffcefb7b000 	C:\WINDOWS\System32\sechost.dll
0x00007ffceeb70000 - 0x00007ffceec9b000 	C:\WINDOWS\System32\RPCRT4.dll
0x00007ffcee7b0000 - 0x00007ffcee950000 	C:\WINDOWS\System32\USER32.dll
0x00007ffced4f0000 - 0x00007ffced512000 	C:\WINDOWS\System32\win32u.dll
0x00007ffcef940000 - 0x00007ffcef96a000 	C:\WINDOWS\System32\GDI32.dll
0x00007ffcedd00000 - 0x00007ffcede0b000 	C:\WINDOWS\System32\gdi32full.dll
0x00007ffcedc60000 - 0x00007ffcedcfd000 	C:\WINDOWS\System32\msvcp_win.dll
0x00007ffcedab0000 - 0x00007ffcedbb0000 	C:\WINDOWS\System32\ucrtbase.dll
0x00007ffcc98e0000 - 0x00007ffcc9b7a000 	C:\WINDOWS\WinSxS\amd64_microsoft.windows.common-controls_6595b64144ccf1df_6.0.19041.844_none_ca00b6081b84eb1d\COMCTL32.dll
0x00007ffceed10000 - 0x00007ffceed40000 	C:\WINDOWS\System32\IMM32.DLL
0x0000000068050000 - 0x0000000068122000 	C:\Program Files\Java\jdk1.8.0_144\jre\bin\msvcr100.dll
0x00000000677b0000 - 0x000000006804d000 	C:\Program Files\Java\jdk1.8.0_144\jre\bin\server\jvm.dll
0x00007ffceedd0000 - 0x00007ffceedd8000 	C:\WINDOWS\System32\PSAPI.DLL
0x00007ffcc7800000 - 0x00007ffcc7809000 	C:\WINDOWS\SYSTEM32\WSOCK32.dll
0x00007ffceeca0000 - 0x00007ffceed0b000 	C:\WINDOWS\System32\WS2_32.dll
0x00007ffce6730000 - 0x00007ffce6757000 	C:\WINDOWS\SYSTEM32\WINMM.dll
0x00007ffce6760000 - 0x00007ffce676a000 	C:\WINDOWS\SYSTEM32\VERSION.dll
0x00000000677a0000 - 0x00000000677af000 	C:\Program Files\Java\jdk1.8.0_144\jre\bin\verify.dll
0x0000000067770000 - 0x0000000067799000 	C:\Program Files\Java\jdk1.8.0_144\jre\bin\java.dll
0x0000000067330000 - 0x0000000067353000 	C:\Program Files\Java\jdk1.8.0_144\jre\bin\instrument.dll
0x0000000067750000 - 0x0000000067766000 	C:\Program Files\Java\jdk1.8.0_144\jre\bin\zip.dll
0x00007ffcee060000 - 0x00007ffcee7a2000 	C:\WINDOWS\System32\SHELL32.dll
0x00007ffceb660000 - 0x00007ffcebdf0000 	C:\WINDOWS\SYSTEM32\windows.storage.dll
0x00007ffcef3f0000 - 0x00007ffcef745000 	C:\WINDOWS\System32\combase.dll
0x00007ffcecf60000 - 0x00007ffcecf8c000 	C:\WINDOWS\SYSTEM32\Wldp.dll
0x00007ffcefa30000 - 0x00007ffcefade000 	C:\WINDOWS\System32\SHCORE.dll
0x00007ffcedf30000 - 0x00007ffcedf85000 	C:\WINDOWS\System32\shlwapi.dll
0x00007ffced430000 - 0x00007ffced44f000 	C:\WINDOWS\SYSTEM32\profapi.dll
0x00007ffce21c0000 - 0x00007ffce21da000 	D:\JetBrains\IntelliJ IDEA 2019.2.3\bin\breakgen64.dll
0x0000000067730000 - 0x000000006774a000 	C:\Program Files\Java\jdk1.8.0_144\jre\bin\net.dll
0x00007ffceccd0000 - 0x00007ffcecd3a000 	C:\WINDOWS\system32\mswsock.dll
0x00007ffcec9c0000 - 0x00007ffceca8c000 	C:\WINDOWS\SYSTEM32\DNSAPI.dll
0x00007ffcec970000 - 0x00007ffcec9ab000 	C:\WINDOWS\SYSTEM32\IPHLPAPI.DLL
0x00007ffcee950000 - 0x00007ffcee958000 	C:\WINDOWS\System32\NSI.dll
0x00007ffccb0d0000 - 0x00007ffccb0da000 	C:\Windows\System32\rasadhlp.dll
0x00007ffccb9c0000 - 0x00007ffccba3f000 	C:\WINDOWS\System32\fwpuclnt.dll
0x00007ffceda80000 - 0x00007ffcedaa7000 	C:\WINDOWS\System32\bcrypt.dll
0x0000000067320000 - 0x000000006732d000 	C:\Program Files\Java\jdk1.8.0_144\jre\bin\management.dll
0x0000000067710000 - 0x0000000067721000 	C:\Program Files\Java\jdk1.8.0_144\jre\bin\nio.dll
0x00007ffceceb0000 - 0x00007ffcecec8000 	C:\WINDOWS\SYSTEM32\CRYPTSP.dll
0x00007ffcec600000 - 0x00007ffcec634000 	C:\WINDOWS\system32\rsaenh.dll
0x00007ffced3f0000 - 0x00007ffced41e000 	C:\WINDOWS\SYSTEM32\USERENV.dll
0x00007ffceda00000 - 0x00007ffceda80000 	C:\WINDOWS\System32\bcryptprimitives.dll
0x00007ffcecea0000 - 0x00007ffceceac000 	C:\WINDOWS\SYSTEM32\CRYPTBASE.dll
0x00007ffce5d60000 - 0x00007ffce5d77000 	C:\WINDOWS\SYSTEM32\dhcpcsvc6.DLL
0x00007ffce65e0000 - 0x00007ffce65fd000 	C:\WINDOWS\SYSTEM32\dhcpcsvc.DLL
0x00007ffcdd740000 - 0x00007ffcdd757000 	C:\WINDOWS\system32\napinsp.dll
0x00007ffcdd590000 - 0x00007ffcdd5ab000 	C:\WINDOWS\system32\pnrpnsp.dll
0x00007ffccd450000 - 0x00007ffccd465000 	C:\WINDOWS\system32\wshbth.dll
0x00007ffce8f60000 - 0x00007ffce8f7d000 	C:\WINDOWS\system32\NLAapi.dll
0x00007ffcdd570000 - 0x00007ffcdd582000 	C:\WINDOWS\System32\winrnr.dll

VM Arguments:
jvm_args: -XX:TieredStopAtLevel=1 -Xverify:none -Dspring.output.ansi.enabled=always -Dcom.sun.management.jmxremote -Dspring.jmx.enabled=true -Dspring.liveBeansView.mbeanDomain -Dspring.application.admin.enabled=true -javaagent:D:\JetBrains\IntelliJ IDEA 2019.2.3\lib\idea_rt.jar=58774:D:\JetBrains\IntelliJ IDEA 2019.2.3\bin -Dfile.encoding=UTF-8 
java_command: com.zvl.theraven_technical_task.TheravenTechnicalTaskApplication
java_class_path (initial): C:\Program Files\Java\jdk1.8.0_144\jre\lib\charsets.jar;C:\Program Files\Java\jdk1.8.0_144\jre\lib\deploy.jar;C:\Program Files\Java\jdk1.8.0_144\jre\lib\ext\access-bridge-64.jar;C:\Program Files\Java\jdk1.8.0_144\jre\lib\ext\cldrdata.jar;C:\Program Files\Java\jdk1.8.0_144\jre\lib\ext\dnsns.jar;C:\Program Files\Java\jdk1.8.0_144\jre\lib\ext\jaccess.jar;C:\Program Files\Java\jdk1.8.0_144\jre\lib\ext\jfxrt.jar;C:\Program Files\Java\jdk1.8.0_144\jre\lib\ext\localedata.jar;C:\Program Files\Java\jdk1.8.0_144\jre\lib\ext\nashorn.jar;C:\Program Files\Java\jdk1.8.0_144\jre\lib\ext\sunec.jar;C:\Program Files\Java\jdk1.8.0_144\jre\lib\ext\sunjce_provider.jar;C:\Program Files\Java\jdk1.8.0_144\jre\lib\ext\sunmscapi.jar;C:\Program Files\Java\jdk1.8.0_144\jre\lib\ext\sunpkcs11.jar;C:\Program Files\Java\jdk1.8.0_144\jre\lib\ext\zipfs.jar;C:\Program Files\Java\jdk1.8.0_144\jre\lib\javaws.jar;C:\Program Files\Java\jdk1.8.0_144\jre\lib\jce.jar;C:\Program Files\Java\jdk1.8.0_144\jre\lib\jfr.jar;C:\Program Files\Java\jdk1.8.0_144\jre\lib\jfxswt.jar;C:\Program Files\Java\jdk1.8.0_144\jre\lib\jsse.jar;C:\Program Files\Java\jdk1.8.0_144\jre\lib\management-agent.jar;C:\Program Files\Java\jdk1.8.0_144\jre\lib\plugin.jar;C:\Program Files\Java\jdk1.8.0_144\jre\lib\resources.jar;C:\Program Files\Java\jdk1.8.0_144\jre\lib\rt.jar;D:\IdeaProjects\theraven_technical_task\target\classes;C:\Users\Влад\.m2\repository\org\springframework\boot\spring-boot-starter-data-jpa\2.4.5\spring-boot-starter-data-jpa-2.4.5.jar;C:\Users\Влад\.m2\repository\org\springframework\boot\spring-boot-starter-aop\2.4.5\spring-boot-starter-aop-2.4.5.jar;C:\Users\Влад\.m2\repository\org\springframework\spring-aop\5.3.6\spring-aop-5.3.6.jar;C:\Users\Влад\.m2\repository\org\aspectj\aspectjweaver\1.9.6\aspectjweaver-1.9.6.jar;C:\Users\Влад\.m2\repository\org\springframework\boot\spring-boot-starter-jdbc\2.4.5\spring-boot-starter-jdbc-2.4.5.jar;C:\Users\Влад\.m2\repository\com\zaxxer\HikariCP\3.4.5\H
Launcher Type: SUN_STANDARD

Environment Variables:
JAVA_HOME=C:\Program Files\Java\jdk1.8.0_144
PATH=C:\Program Files (x86)\NVIDIA Corporation\PhysX\Common;C:\ProgramData\Oracle\Java\javapath;C:\Program Files (x86)\Common Files\Oracle\Java\javapath;C:\Program Files\Java\jdk1.8.0_144\bin;D:\Git\cmd;C:\WINDOWS\system32;C:\WINDOWS;C:\WINDOWS\System32\Wbem;C:\WINDOWS\System32\WindowsPowerShell\v1.0\;C:\WINDOWS\System32\OpenSSH\;C:\Users\Влад\AppData\Local\Microsoft\WindowsApps;;D:\JetBrains\IntelliJ IDEA Community Edition 2019.2.2\bin;;D:\JetBrains\IntelliJ IDEA 2019.2.3\bin;
USERNAME=Влад
OS=Windows_NT
PROCESSOR_IDENTIFIER=Intel64 Family 6 Model 15 Stepping 13, GenuineIntel



---------------  S Y S T E M  ---------------

OS: Windows 10.0 , 64 bit Build 19041 (10.0.19041.928)

CPU:total 2 (initial active 2) (2 cores per cpu, 1 threads per core) family 6 model 15 stepping 13, cmov, cx8, fxsr, mmx, sse, sse2, sse3, ssse3, tsc

Memory: 4k page, physical 4192756k(335912k free), swap 10579824k(4132k free)

vm_info: Java HotSpot(TM) 64-Bit Server VM (25.144-b01) for windows-amd64 JRE (1.8.0_144-b01), built on Jul 21 2017 21:57:33 by "java_re" with MS VC++ 10.0 (VS2010)

time: Thu May 20 13:12:09 2021
elapsed time: 17 seconds (0d 0h 0m 17s)

